  Generating API documentation with Doxygen
CUSTOMBUILD : warning : Tag 'TCL_SUBST' at line 237 of file 'Doxyfile' has become obsolete.
           To avoid this warning please remove this line from your configuration file or upgrade it using "doxygen -u"
CUSTOMBUILD : warning : Tag 'PERL_PATH' at line 2027 of file 'Doxyfile' has become obsolete.
           To avoid this warning please remove this line from your configuration file or upgrade it using "doxygen -u"
CUSTOMBUILD : warning : Tag 'MSCGEN_PATH' at line 2049 of file 'Doxyfile' has become obsolete.
           To avoid this warning please remove this line from your configuration file or upgrade it using "doxygen -u"
  C:/Users/hlavacs/Documents/GitHub/ViennaVulkanEngine/VulkanEngine/CMakeLists.txt:55: warning: Reached end of file while still inside a (nested) comment. Nesting level 3 (probable line reference: 4, 4, 4)
  Doxygen version used: 1.8.20 (f246dd2f1c58eea39ea3f50c108019e4d4137bd5)
  Searching for include files...
  Searching for example files...
  Searching for images...
  Searching for dot files...
  Searching for msc files...
  Searching for dia files...
  Searching for files to exclude
  Searching INPUT for files to process...
  Searching for files in directory C:/Users/hlavacs/Documents/GitHub/ViennaVulkanEngine/VulkanEngine
  Reading and parsing tag files
  Parsing files
  Preprocessing C:/Users/hlavacs/Documents/GitHub/ViennaVulkanEngine/VulkanEngine/BottomLevelASGenerator.cpp...
  Parsing file C:/Users/hlavacs/Documents/GitHub/ViennaVulkanEngine/VulkanEngine/BottomLevelASGenerator.cpp...
  Preprocessing C:/Users/hlavacs/Documents/GitHub/ViennaVulkanEngine/VulkanEngine/BottomLevelASGenerator.h...
  Parsing file C:/Users/hlavacs/Documents/GitHub/ViennaVulkanEngine/VulkanEngine/BottomLevelASGenerator.h...
  Preprocessing C:/Users/hlavacs/Documents/GitHub/ViennaVulkanEngine/VulkanEngine/CLInclude.h...
  Parsing file C:/Users/hlavacs/Documents/GitHub/ViennaVulkanEngine/VulkanEngine/CLInclude.h...
  Preprocessing C:/Users/hlavacs/Documents/GitHub/ViennaVulkanEngine/VulkanEngine/CLIntersect.cpp...
  Parsing file C:/Users/hlavacs/Documents/GitHub/ViennaVulkanEngine/VulkanEngine/CLIntersect.cpp...
  Preprocessing C:/Users/hlavacs/Documents/GitHub/ViennaVulkanEngine/VulkanEngine/CLShape.h...
  Parsing file C:/Users/hlavacs/Documents/GitHub/ViennaVulkanEngine/VulkanEngine/CLShape.h...
  Preprocessing C:/Users/hlavacs/Documents/GitHub/ViennaVulkanEngine/VulkanEngine/CMakeLists.txt...
  Parsing file C:/Users/hlavacs/Documents/GitHub/ViennaVulkanEngine/VulkanEngine/CMakeLists.txt...
  Preprocessing C:/Users/hlavacs/Documents/GitHub/ViennaVulkanEngine/VulkanEngine/DescriptorSetGenerator.cpp...
  Parsing file C:/Users/hlavacs/Documents/GitHub/ViennaVulkanEngine/VulkanEngine/DescriptorSetGenerator.cpp...
  Preprocessing C:/Users/hlavacs/Documents/GitHub/ViennaVulkanEngine/VulkanEngine/DescriptorSetGenerator.h...
  Parsing file C:/Users/hlavacs/Documents/GitHub/ViennaVulkanEngine/VulkanEngine/DescriptorSetGenerator.h...
  Preprocessing C:/Users/hlavacs/Documents/GitHub/ViennaVulkanEngine/VulkanEngine/RaytracingPipelineGenerator.cpp...
  Parsing file C:/Users/hlavacs/Documents/GitHub/ViennaVulkanEngine/VulkanEngine/RaytracingPipelineGenerator.cpp...
  Preprocessing C:/Users/hlavacs/Documents/GitHub/ViennaVulkanEngine/VulkanEngine/RaytracingPipelineGenerator.h...
  Parsing file C:/Users/hlavacs/Documents/GitHub/ViennaVulkanEngine/VulkanEngine/RaytracingPipelineGenerator.h...
  Preprocessing C:/Users/hlavacs/Documents/GitHub/ViennaVulkanEngine/VulkanEngine/ShaderBindingTableGenerator.cpp...
  Parsing file C:/Users/hlavacs/Documents/GitHub/ViennaVulkanEngine/VulkanEngine/ShaderBindingTableGenerator.cpp...
  Preprocessing C:/Users/hlavacs/Documents/GitHub/ViennaVulkanEngine/VulkanEngine/ShaderBindingTableGenerator.h...
  Parsing file C:/Users/hlavacs/Documents/GitHub/ViennaVulkanEngine/VulkanEngine/ShaderBindingTableGenerator.h...
  Preprocessing C:/Users/hlavacs/Documents/GitHub/ViennaVulkanEngine/VulkanEngine/TopLevelASGenerator.cpp...
  Parsing file C:/Users/hlavacs/Documents/GitHub/ViennaVulkanEngine/VulkanEngine/TopLevelASGenerator.cpp...
  Preprocessing C:/Users/hlavacs/Documents/GitHub/ViennaVulkanEngine/VulkanEngine/TopLevelASGenerator.h...
  Parsing file C:/Users/hlavacs/Documents/GitHub/ViennaVulkanEngine/VulkanEngine/TopLevelASGenerator.h...
  Preprocessing C:/Users/hlavacs/Documents/GitHub/ViennaVulkanEngine/VulkanEngine/VEDocumentation.cpp...
  Parsing file C:/Users/hlavacs/Documents/GitHub/ViennaVulkanEngine/VulkanEngine/VEDocumentation.cpp...
  Preprocessing C:/Users/hlavacs/Documents/GitHub/ViennaVulkanEngine/VulkanEngine/VEEngine.cpp...
  Parsing file C:/Users/hlavacs/Documents/GitHub/ViennaVulkanEngine/VulkanEngine/VEEngine.cpp...
  Preprocessing C:/Users/hlavacs/Documents/GitHub/ViennaVulkanEngine/VulkanEngine/VEEngine.h...
  Parsing file C:/Users/hlavacs/Documents/GitHub/ViennaVulkanEngine/VulkanEngine/VEEngine.h...
  Preprocessing C:/Users/hlavacs/Documents/GitHub/ViennaVulkanEngine/VulkanEngine/VEEntity.cpp...
  Parsing file C:/Users/hlavacs/Documents/GitHub/ViennaVulkanEngine/VulkanEngine/VEEntity.cpp...
  Preprocessing C:/Users/hlavacs/Documents/GitHub/ViennaVulkanEngine/VulkanEngine/VEEntity.h...
  Parsing file C:/Users/hlavacs/Documents/GitHub/ViennaVulkanEngine/VulkanEngine/VEEntity.h...
  Preprocessing C:/Users/hlavacs/Documents/GitHub/ViennaVulkanEngine/VulkanEngine/VEEnums.h...
  Parsing file C:/Users/hlavacs/Documents/GitHub/ViennaVulkanEngine/VulkanEngine/VEEnums.h...
  Preprocessing C:/Users/hlavacs/Documents/GitHub/ViennaVulkanEngine/VulkanEngine/VEEventListener.cpp...
  Parsing file C:/Users/hlavacs/Documents/GitHub/ViennaVulkanEngine/VulkanEngine/VEEventListener.cpp...
  Preprocessing C:/Users/hlavacs/Documents/GitHub/ViennaVulkanEngine/VulkanEngine/VEEventListener.h...
  Parsing file C:/Users/hlavacs/Documents/GitHub/ViennaVulkanEngine/VulkanEngine/VEEventListener.h...
  Preprocessing C:/Users/hlavacs/Documents/GitHub/ViennaVulkanEngine/VulkanEngine/VEEventListenerGLFW.cpp...
  Parsing file C:/Users/hlavacs/Documents/GitHub/ViennaVulkanEngine/VulkanEngine/VEEventListenerGLFW.cpp...
  Preprocessing C:/Users/hlavacs/Documents/GitHub/ViennaVulkanEngine/VulkanEngine/VEEventListenerGLFW.h...
  Parsing file C:/Users/hlavacs/Documents/GitHub/ViennaVulkanEngine/VulkanEngine/VEEventListenerGLFW.h...
  Preprocessing C:/Users/hlavacs/Documents/GitHub/ViennaVulkanEngine/VulkanEngine/VEEventListenerNuklear.cpp...
  Parsing file C:/Users/hlavacs/Documents/GitHub/ViennaVulkanEngine/VulkanEngine/VEEventListenerNuklear.cpp...
  Preprocessing C:/Users/hlavacs/Documents/GitHub/ViennaVulkanEngine/VulkanEngine/VEEventListenerNuklear.h...
  Parsing file C:/Users/hlavacs/Documents/GitHub/ViennaVulkanEngine/VulkanEngine/VEEventListenerNuklear.h...
  Preprocessing C:/Users/hlavacs/Documents/GitHub/ViennaVulkanEngine/VulkanEngine/VEEventListenerNuklearDebug.cpp...
  Parsing file C:/Users/hlavacs/Documents/GitHub/ViennaVulkanEngine/VulkanEngine/VEEventListenerNuklearDebug.cpp...
  Preprocessing C:/Users/hlavacs/Documents/GitHub/ViennaVulkanEngine/VulkanEngine/VEEventListenerNuklearDebug.h...
  Parsing file C:/Users/hlavacs/Documents/GitHub/ViennaVulkanEngine/VulkanEngine/VEEventListenerNuklearDebug.h...
  Preprocessing C:/Users/hlavacs/Documents/GitHub/ViennaVulkanEngine/VulkanEngine/VEEventListenerNuklearError.cpp...
  Parsing file C:/Users/hlavacs/Documents/GitHub/ViennaVulkanEngine/VulkanEngine/VEEventListenerNuklearError.cpp...
  Preprocessing C:/Users/hlavacs/Documents/GitHub/ViennaVulkanEngine/VulkanEngine/VEInclude.h...
  Parsing file C:/Users/hlavacs/Documents/GitHub/ViennaVulkanEngine/VulkanEngine/VEInclude.h...
  Preprocessing C:/Users/hlavacs/Documents/GitHub/ViennaVulkanEngine/VulkanEngine/VEMaterial.cpp...
  Parsing file C:/Users/hlavacs/Documents/GitHub/ViennaVulkanEngine/VulkanEngine/VEMaterial.cpp...
  Preprocessing C:/Users/hlavacs/Documents/GitHub/ViennaVulkanEngine/VulkanEngine/VEMaterial.h...
  Parsing file C:/Users/hlavacs/Documents/GitHub/ViennaVulkanEngine/VulkanEngine/VEMaterial.h...
  Preprocessing C:/Users/hlavacs/Documents/GitHub/ViennaVulkanEngine/VulkanEngine/VENamedClass.cpp...
  Parsing file C:/Users/hlavacs/Documents/GitHub/ViennaVulkanEngine/VulkanEngine/VENamedClass.cpp...
  Preprocessing C:/Users/hlavacs/Documents/GitHub/ViennaVulkanEngine/VulkanEngine/VENamedClass.h...
  Parsing file C:/Users/hlavacs/Documents/GitHub/ViennaVulkanEngine/VulkanEngine/VENamedClass.h...
  Preprocessing C:/Users/hlavacs/Documents/GitHub/ViennaVulkanEngine/VulkanEngine/VERenderer.cpp...
  Parsing file C:/Users/hlavacs/Documents/GitHub/ViennaVulkanEngine/VulkanEngine/VERenderer.cpp...
  Preprocessing C:/Users/hlavacs/Documents/GitHub/ViennaVulkanEngine/VulkanEngine/VERenderer.h...
  Parsing file C:/Users/hlavacs/Documents/GitHub/ViennaVulkanEngine/VulkanEngine/VERenderer.h...
  Preprocessing C:/Users/hlavacs/Documents/GitHub/ViennaVulkanEngine/VulkanEngine/VERendererDeferred.cpp...
  Parsing file C:/Users/hlavacs/Documents/GitHub/ViennaVulkanEngine/VulkanEngine/VERendererDeferred.cpp...
  Preprocessing C:/Users/hlavacs/Documents/GitHub/ViennaVulkanEngine/VulkanEngine/VERendererDeferred.h...
  Parsing file C:/Users/hlavacs/Documents/GitHub/ViennaVulkanEngine/VulkanEngine/VERendererDeferred.h...
  Preprocessing C:/Users/hlavacs/Documents/GitHub/ViennaVulkanEngine/VulkanEngine/VERendererForward.cpp...
  Parsing file C:/Users/hlavacs/Documents/GitHub/ViennaVulkanEngine/VulkanEngine/VERendererForward.cpp...
  Preprocessing C:/Users/hlavacs/Documents/GitHub/ViennaVulkanEngine/VulkanEngine/VERendererForward.h...
  Parsing file C:/Users/hlavacs/Documents/GitHub/ViennaVulkanEngine/VulkanEngine/VERendererForward.h...
  Preprocessing C:/Users/hlavacs/Documents/GitHub/ViennaVulkanEngine/VulkanEngine/VERendererRayTracingKHR.cpp...
  Parsing file C:/Users/hlavacs/Documents/GitHub/ViennaVulkanEngine/VulkanEngine/VERendererRayTracingKHR.cpp...
  Preprocessing C:/Users/hlavacs/Documents/GitHub/ViennaVulkanEngine/VulkanEngine/VERendererRayTracingKHR.h...
  Parsing file C:/Users/hlavacs/Documents/GitHub/ViennaVulkanEngine/VulkanEngine/VERendererRayTracingKHR.h...
  Preprocessing C:/Users/hlavacs/Documents/GitHub/ViennaVulkanEngine/VulkanEngine/VERendererRayTracingNV.cpp...
  Parsing file C:/Users/hlavacs/Documents/GitHub/ViennaVulkanEngine/VulkanEngine/VERendererRayTracingNV.cpp...
  Preprocessing C:/Users/hlavacs/Documents/GitHub/ViennaVulkanEngine/VulkanEngine/VERendererRayTracingNV.h...
  Parsing file C:/Users/hlavacs/Documents/GitHub/ViennaVulkanEngine/VulkanEngine/VERendererRayTracingNV.h...
  Preprocessing C:/Users/hlavacs/Documents/GitHub/ViennaVulkanEngine/VulkanEngine/VERendererShader.h...
  Parsing file C:/Users/hlavacs/Documents/GitHub/ViennaVulkanEngine/VulkanEngine/VERendererShader.h...
  Preprocessing C:/Users/hlavacs/Documents/GitHub/ViennaVulkanEngine/VulkanEngine/VESceneManager.cpp...
  Parsing file C:/Users/hlavacs/Documents/GitHub/ViennaVulkanEngine/VulkanEngine/VESceneManager.cpp...
  Preprocessing C:/Users/hlavacs/Documents/GitHub/ViennaVulkanEngine/VulkanEngine/VESceneManager.h...
  Parsing file C:/Users/hlavacs/Documents/GitHub/ViennaVulkanEngine/VulkanEngine/VESceneManager.h...
  Preprocessing C:/Users/hlavacs/Documents/GitHub/ViennaVulkanEngine/VulkanEngine/VESubrender.cpp...
  Parsing file C:/Users/hlavacs/Documents/GitHub/ViennaVulkanEngine/VulkanEngine/VESubrender.cpp...
  Preprocessing C:/Users/hlavacs/Documents/GitHub/ViennaVulkanEngine/VulkanEngine/VESubrender.h...
  Parsing file C:/Users/hlavacs/Documents/GitHub/ViennaVulkanEngine/VulkanEngine/VESubrender.h...
  Preprocessing C:/Users/hlavacs/Documents/GitHub/ViennaVulkanEngine/VulkanEngine/VESubrender_Nuklear.cpp...
  Parsing file C:/Users/hlavacs/Documents/GitHub/ViennaVulkanEngine/VulkanEngine/VESubrender_Nuklear.cpp...
  Preprocessing C:/Users/hlavacs/Documents/GitHub/ViennaVulkanEngine/VulkanEngine/VESubrender_Nuklear.h...
  Parsing file C:/Users/hlavacs/Documents/GitHub/ViennaVulkanEngine/VulkanEngine/VESubrender_Nuklear.h...
  Preprocessing C:/Users/hlavacs/Documents/GitHub/ViennaVulkanEngine/VulkanEngine/VESubrenderDF.cpp...
  Parsing file C:/Users/hlavacs/Documents/GitHub/ViennaVulkanEngine/VulkanEngine/VESubrenderDF.cpp...
  Preprocessing C:/Users/hlavacs/Documents/GitHub/ViennaVulkanEngine/VulkanEngine/VESubrenderDF.h...
  Parsing file C:/Users/hlavacs/Documents/GitHub/ViennaVulkanEngine/VulkanEngine/VESubrenderDF.h...
  Preprocessing C:/Users/hlavacs/Documents/GitHub/ViennaVulkanEngine/VulkanEngine/VESubrenderDF_C1.cpp...
  Parsing file C:/Users/hlavacs/Documents/GitHub/ViennaVulkanEngine/VulkanEngine/VESubrenderDF_C1.cpp...
  Preprocessing C:/Users/hlavacs/Documents/GitHub/ViennaVulkanEngine/VulkanEngine/VESubrenderDF_C1.h...
  Parsing file C:/Users/hlavacs/Documents/GitHub/ViennaVulkanEngine/VulkanEngine/VESubrenderDF_C1.h...
  Preprocessing C:/Users/hlavacs/Documents/GitHub/ViennaVulkanEngine/VulkanEngine/VESubrenderDF_Composer.cpp...
  Parsing file C:/Users/hlavacs/Documents/GitHub/ViennaVulkanEngine/VulkanEngine/VESubrenderDF_Composer.cpp...
  Preprocessing C:/Users/hlavacs/Documents/GitHub/ViennaVulkanEngine/VulkanEngine/VESubrenderDF_Composer.h...
  Parsing file C:/Users/hlavacs/Documents/GitHub/ViennaVulkanEngine/VulkanEngine/VESubrenderDF_Composer.h...
  Preprocessing C:/Users/hlavacs/Documents/GitHub/ViennaVulkanEngine/VulkanEngine/VESubrenderDF_D.cpp...
  Parsing file C:/Users/hlavacs/Documents/GitHub/ViennaVulkanEngine/VulkanEngine/VESubrenderDF_D.cpp...
  Preprocessing C:/Users/hlavacs/Documents/GitHub/ViennaVulkanEngine/VulkanEngine/VESubrenderDF_D.h...
  Parsing file C:/Users/hlavacs/Documents/GitHub/ViennaVulkanEngine/VulkanEngine/VESubrenderDF_D.h...
  Preprocessing C:/Users/hlavacs/Documents/GitHub/ViennaVulkanEngine/VulkanEngine/VESubrenderDF_DN.cpp...
  Parsing file C:/Users/hlavacs/Documents/GitHub/ViennaVulkanEngine/VulkanEngine/VESubrenderDF_DN.cpp...
  Preprocessing C:/Users/hlavacs/Documents/GitHub/ViennaVulkanEngine/VulkanEngine/VESubrenderDF_DN.h...
  Parsing file C:/Users/hlavacs/Documents/GitHub/ViennaVulkanEngine/VulkanEngine/VESubrenderDF_DN.h...
  Preprocessing C:/Users/hlavacs/Documents/GitHub/ViennaVulkanEngine/VulkanEngine/VESubrenderDF_Shadow.cpp...
  Parsing file C:/Users/hlavacs/Documents/GitHub/ViennaVulkanEngine/VulkanEngine/VESubrenderDF_Shadow.cpp...
  Preprocessing C:/Users/hlavacs/Documents/GitHub/ViennaVulkanEngine/VulkanEngine/VESubrenderDF_Shadow.h...
  Parsing file C:/Users/hlavacs/Documents/GitHub/ViennaVulkanEngine/VulkanEngine/VESubrenderDF_Shadow.h...
  Preprocessing C:/Users/hlavacs/Documents/GitHub/ViennaVulkanEngine/VulkanEngine/VESubrenderDF_Skyplane.cpp...
  Parsing file C:/Users/hlavacs/Documents/GitHub/ViennaVulkanEngine/VulkanEngine/VESubrenderDF_Skyplane.cpp...
  Preprocessing C:/Users/hlavacs/Documents/GitHub/ViennaVulkanEngine/VulkanEngine/VESubrenderDF_Skyplane.h...
  Parsing file C:/Users/hlavacs/Documents/GitHub/ViennaVulkanEngine/VulkanEngine/VESubrenderDF_Skyplane.h...
  Preprocessing C:/Users/hlavacs/Documents/GitHub/ViennaVulkanEngine/VulkanEngine/VESubrenderFW.cpp...
  Parsing file C:/Users/hlavacs/Documents/GitHub/ViennaVulkanEngine/VulkanEngine/VESubrenderFW.cpp...
  Preprocessing C:/Users/hlavacs/Documents/GitHub/ViennaVulkanEngine/VulkanEngine/VESubrenderFW.h...
  Parsing file C:/Users/hlavacs/Documents/GitHub/ViennaVulkanEngine/VulkanEngine/VESubrenderFW.h...
  Preprocessing C:/Users/hlavacs/Documents/GitHub/ViennaVulkanEngine/VulkanEngine/VESubrenderFW_C1.cpp...
  Parsing file C:/Users/hlavacs/Documents/GitHub/ViennaVulkanEngine/VulkanEngine/VESubrenderFW_C1.cpp...
  Preprocessing C:/Users/hlavacs/Documents/GitHub/ViennaVulkanEngine/VulkanEngine/VESubrenderFW_C1.h...
  Parsing file C:/Users/hlavacs/Documents/GitHub/ViennaVulkanEngine/VulkanEngine/VESubrenderFW_C1.h...
  Preprocessing C:/Users/hlavacs/Documents/GitHub/ViennaVulkanEngine/VulkanEngine/VESubrenderFW_Cloth.cpp...
  Parsing file C:/Users/hlavacs/Documents/GitHub/ViennaVulkanEngine/VulkanEngine/VESubrenderFW_Cloth.cpp...
  Preprocessing C:/Users/hlavacs/Documents/GitHub/ViennaVulkanEngine/VulkanEngine/VESubrenderFW_Cloth.h...
  Parsing file C:/Users/hlavacs/Documents/GitHub/ViennaVulkanEngine/VulkanEngine/VESubrenderFW_Cloth.h...
  Preprocessing C:/Users/hlavacs/Documents/GitHub/ViennaVulkanEngine/VulkanEngine/VESubrenderFW_D.cpp...
  Parsing file C:/Users/hlavacs/Documents/GitHub/ViennaVulkanEngine/VulkanEngine/VESubrenderFW_D.cpp...
  Preprocessing C:/Users/hlavacs/Documents/GitHub/ViennaVulkanEngine/VulkanEngine/VESubrenderFW_D.h...
  Parsing file C:/Users/hlavacs/Documents/GitHub/ViennaVulkanEngine/VulkanEngine/VESubrenderFW_D.h...
  Preprocessing C:/Users/hlavacs/Documents/GitHub/ViennaVulkanEngine/VulkanEngine/VESubrenderFW_DN.cpp...
  Parsing file C:/Users/hlavacs/Documents/GitHub/ViennaVulkanEngine/VulkanEngine/VESubrenderFW_DN.cpp...
  Preprocessing C:/Users/hlavacs/Documents/GitHub/ViennaVulkanEngine/VulkanEngine/VESubrenderFW_DN.h...
  Parsing file C:/Users/hlavacs/Documents/GitHub/ViennaVulkanEngine/VulkanEngine/VESubrenderFW_DN.h...
  Preprocessing C:/Users/hlavacs/Documents/GitHub/ViennaVulkanEngine/VulkanEngine/VESubrenderFW_Shadow.cpp...
  Parsing file C:/Users/hlavacs/Documents/GitHub/ViennaVulkanEngine/VulkanEngine/VESubrenderFW_Shadow.cpp...
  Preprocessing C:/Users/hlavacs/Documents/GitHub/ViennaVulkanEngine/VulkanEngine/VESubrenderFW_Shadow.h...
  Parsing file C:/Users/hlavacs/Documents/GitHub/ViennaVulkanEngine/VulkanEngine/VESubrenderFW_Shadow.h...
  Preprocessing C:/Users/hlavacs/Documents/GitHub/ViennaVulkanEngine/VulkanEngine/VESubrenderFW_Skyplane.cpp...
  Parsing file C:/Users/hlavacs/Documents/GitHub/ViennaVulkanEngine/VulkanEngine/VESubrenderFW_Skyplane.cpp...
  Preprocessing C:/Users/hlavacs/Documents/GitHub/ViennaVulkanEngine/VulkanEngine/VESubrenderFW_Skyplane.h...
  Parsing file C:/Users/hlavacs/Documents/GitHub/ViennaVulkanEngine/VulkanEngine/VESubrenderFW_Skyplane.h...
  Preprocessing C:/Users/hlavacs/Documents/GitHub/ViennaVulkanEngine/VulkanEngine/VESubrenderRayTracingKHR.cpp...
  Parsing file C:/Users/hlavacs/Documents/GitHub/ViennaVulkanEngine/VulkanEngine/VESubrenderRayTracingKHR.cpp...
  Preprocessing C:/Users/hlavacs/Documents/GitHub/ViennaVulkanEngine/VulkanEngine/VESubrenderRayTracingKHR.h...
  Parsing file C:/Users/hlavacs/Documents/GitHub/ViennaVulkanEngine/VulkanEngine/VESubrenderRayTracingKHR.h...
  Preprocessing C:/Users/hlavacs/Documents/GitHub/ViennaVulkanEngine/VulkanEngine/VESubrenderRayTracingKHR_DN.cpp...
  Parsing file C:/Users/hlavacs/Documents/GitHub/ViennaVulkanEngine/VulkanEngine/VESubrenderRayTracingKHR_DN.cpp...
  Preprocessing C:/Users/hlavacs/Documents/GitHub/ViennaVulkanEngine/VulkanEngine/VESubrenderRayTracingKHR_DN.h...
  Parsing file C:/Users/hlavacs/Documents/GitHub/ViennaVulkanEngine/VulkanEngine/VESubrenderRayTracingKHR_DN.h...
  Preprocessing C:/Users/hlavacs/Documents/GitHub/ViennaVulkanEngine/VulkanEngine/VESubrenderRayTracingNV.cpp...
  Parsing file C:/Users/hlavacs/Documents/GitHub/ViennaVulkanEngine/VulkanEngine/VESubrenderRayTracingNV.cpp...
  Preprocessing C:/Users/hlavacs/Documents/GitHub/ViennaVulkanEngine/VulkanEngine/VESubrenderRayTracingNV.h...
  Parsing file C:/Users/hlavacs/Documents/GitHub/ViennaVulkanEngine/VulkanEngine/VESubrenderRayTracingNV.h...
  Preprocessing C:/Users/hlavacs/Documents/GitHub/ViennaVulkanEngine/VulkanEngine/VESubrenderRayTracingNV_DN.cpp...
  Parsing file C:/Users/hlavacs/Documents/GitHub/ViennaVulkanEngine/VulkanEngine/VESubrenderRayTracingNV_DN.cpp...
  Preprocessing C:/Users/hlavacs/Documents/GitHub/ViennaVulkanEngine/VulkanEngine/VESubrenderRayTracingNV_DN.h...
  Parsing file C:/Users/hlavacs/Documents/GitHub/ViennaVulkanEngine/VulkanEngine/VESubrenderRayTracingNV_DN.h...
  Preprocessing C:/Users/hlavacs/Documents/GitHub/ViennaVulkanEngine/VulkanEngine/VEWindow.cpp...
  Parsing file C:/Users/hlavacs/Documents/GitHub/ViennaVulkanEngine/VulkanEngine/VEWindow.cpp...
  Preprocessing C:/Users/hlavacs/Documents/GitHub/ViennaVulkanEngine/VulkanEngine/VEWindow.h...
  Parsing file C:/Users/hlavacs/Documents/GitHub/ViennaVulkanEngine/VulkanEngine/VEWindow.h...
  Preprocessing C:/Users/hlavacs/Documents/GitHub/ViennaVulkanEngine/VulkanEngine/VEWindowGLFW.cpp...
  Parsing file C:/Users/hlavacs/Documents/GitHub/ViennaVulkanEngine/VulkanEngine/VEWindowGLFW.cpp...
  Preprocessing C:/Users/hlavacs/Documents/GitHub/ViennaVulkanEngine/VulkanEngine/VEWindowGLFW.h...
  Parsing file C:/Users/hlavacs/Documents/GitHub/ViennaVulkanEngine/VulkanEngine/VEWindowGLFW.h...
  Preprocessing C:/Users/hlavacs/Documents/GitHub/ViennaVulkanEngine/VulkanEngine/VHBuffer.cpp...
  Parsing file C:/Users/hlavacs/Documents/GitHub/ViennaVulkanEngine/VulkanEngine/VHBuffer.cpp...
  Preprocessing C:/Users/hlavacs/Documents/GitHub/ViennaVulkanEngine/VulkanEngine/VHCommand.cpp...
  Parsing file C:/Users/hlavacs/Documents/GitHub/ViennaVulkanEngine/VulkanEngine/VHCommand.cpp...
  Preprocessing C:/Users/hlavacs/Documents/GitHub/ViennaVulkanEngine/VulkanEngine/VHDebug.cpp...
  Parsing file C:/Users/hlavacs/Documents/GitHub/ViennaVulkanEngine/VulkanEngine/VHDebug.cpp...
  Preprocessing C:/Users/hlavacs/Documents/GitHub/ViennaVulkanEngine/VulkanEngine/VHDevice.cpp...
  Parsing file C:/Users/hlavacs/Documents/GitHub/ViennaVulkanEngine/VulkanEngine/VHDevice.cpp...
  Preprocessing C:/Users/hlavacs/Documents/GitHub/ViennaVulkanEngine/VulkanEngine/VHFile.cpp...
  Parsing file C:/Users/hlavacs/Documents/GitHub/ViennaVulkanEngine/VulkanEngine/VHFile.cpp...
  Preprocessing C:/Users/hlavacs/Documents/GitHub/ViennaVulkanEngine/VulkanEngine/VHFunctions.cpp...
  C:/Users/hlavacs/Documents/GitHub/ViennaVulkanEngine/VulkanEngine/VHHelper.h:207: warning: Compound vh::vhAccelerationStructure is not documented.
  C:/Users/hlavacs/Documents/GitHub/ViennaVulkanEngine/VulkanEngine/VESubrenderRayTracingKHR_DN.h:22: warning: Compound ve::VESubrenderRayTracingKHR_DN::ShaderBindingTable is not documented.
  C:/Users/hlavacs/Documents/GitHub/ViennaVulkanEngine/VulkanEngine/VESubrenderRayTracingKHR_DN.h:28: warning: Compound ve::VESubrenderRayTracingKHR_DN::RTPushConstants is not documented.
  C:/Users/hlavacs/Documents/GitHub/ViennaVulkanEngine/VulkanEngine/VESubrenderRayTracingNV_DN.h:25: warning: Compound ve::VESubrenderRayTracingNV_DN::RTPushConstants is not documented.
  C:/Users/hlavacs/Documents/GitHub/ViennaVulkanEngine/VulkanEngine/VHHelper.h:199: warning: Compound vh::vhRayTracingScratchBuffer is not documented.
  Parsing file C:/Users/hlavacs/Documents/GitHub/ViennaVulkanEngine/VulkanEngine/VHFunctions.cpp...
  Preprocessing C:/Users/hlavacs/Documents/GitHub/ViennaVulkanEngine/VulkanEngine/VHFunctions.h...
  Parsing file C:/Users/hlavacs/Documents/GitHub/ViennaVulkanEngine/VulkanEngine/VHFunctions.h...
  Preprocessing C:/Users/hlavacs/Documents/GitHub/ViennaVulkanEngine/VulkanEngine/VHFunctions.inl...
  Parsing file C:/Users/hlavacs/Documents/GitHub/ViennaVulkanEngine/VulkanEngine/VHFunctions.inl...
  Preprocessing C:/Users/hlavacs/Documents/GitHub/ViennaVulkanEngine/VulkanEngine/VHHelper.h...
  Parsing file C:/Users/hlavacs/Documents/GitHub/ViennaVulkanEngine/VulkanEngine/VHHelper.h...
  Preprocessing C:/Users/hlavacs/Documents/GitHub/ViennaVulkanEngine/VulkanEngine/VHMemory.cpp...
  Parsing file C:/Users/hlavacs/Documents/GitHub/ViennaVulkanEngine/VulkanEngine/VHMemory.cpp...
  Preprocessing C:/Users/hlavacs/Documents/GitHub/ViennaVulkanEngine/VulkanEngine/VHRayTracing.cpp...
  Parsing file C:/Users/hlavacs/Documents/GitHub/ViennaVulkanEngine/VulkanEngine/VHRayTracing.cpp...
  Preprocessing C:/Users/hlavacs/Documents/GitHub/ViennaVulkanEngine/VulkanEngine/VHRender.cpp...
  Parsing file C:/Users/hlavacs/Documents/GitHub/ViennaVulkanEngine/VulkanEngine/VHRender.cpp...
  Preprocessing C:/Users/hlavacs/Documents/GitHub/ViennaVulkanEngine/VulkanEngine/VHSwapchain.cpp...
  Parsing file C:/Users/hlavacs/Documents/GitHub/ViennaVulkanEngine/VulkanEngine/VHSwapchain.cpp...
  Preprocessing C:/Users/hlavacs/Documents/GitHub/ViennaVulkanEngine/VulkanEngine/VKHelpers.cpp...
  Parsing file C:/Users/hlavacs/Documents/GitHub/ViennaVulkanEngine/VulkanEngine/VKHelpers.cpp...
  Preprocessing C:/Users/hlavacs/Documents/GitHub/ViennaVulkanEngine/VulkanEngine/VKHelpers.h...
  Parsing file C:/Users/hlavacs/Documents/GitHub/ViennaVulkanEngine/VulkanEngine/VKHelpers.h...
  Building macro definition list...
  Building group list...
  Building directory list...
  Building namespace list...
  Building file list...
  Building class list...
  Computing nesting relations for classes...
  Associating documentation with classes...
  Building example list...
  Searching for enumerations...
  Searching for documented typedefs...
  Searching for members imported via using declarations...
  Searching for included using directives...
  Searching for documented variables...
  Building interface member list...
  Building member list...
  Searching for friends...
  Searching for documented defines...
  Computing class inheritance relations...
  Computing class usage relations...
  Flushing cached template relations that have become invalid...
  Computing class relations...
  Add enum values to enums...
  Searching for member function documentation...
  Creating members for template instances...
  Building page list...
  Search for main page...
  Computing page relations...
  Determining the scope of groups...
  Sorting lists...
  Determining which enums are documented
  Computing member relations...
  Building full member lists recursively...
  Adding members to member groups.
  Computing member references...
  Inheriting documentation...
  Generating disk names...
  Adding source references...
  Adding xrefitems...
  Sorting member lists...
  Setting anonymous enum type...
  Computing dependencies between directories...
  Generating citations page...
  Counting members...
  Counting data structures...
  Resolving user defined references...
  Finding anchors and sections in the documentation...
  Transferring function references...
  Combining using relations...
  Adding members to index pages...
  Correcting members for VHDL...
  Generating style sheet...
  Generating search indices...
  Generating example documentation...
  Generating file sources...
  Generating code for file BottomLevelASGenerator.h...
  Generating code for file CLInclude.h...
  Generating code for file CLShape.h...
  Generating code for file DescriptorSetGenerator.h...
  Generating code for file RaytracingPipelineGenerator.h...
  Generating code for file ShaderBindingTableGenerator.h...
  Generating code for file TopLevelASGenerator.h...
  Generating code for file VEEngine.h...
  Generating code for file VEEntity.h...
  Generating code for file VEEnums.h...
  Generating code for file VEEventListener.h...
  C:/Users/hlavacs/Documents/GitHub/ViennaVulkanEngine/VulkanEngine/BottomLevelASGenerator.h:112: warning: The following parameter of nv_helpers_vk::BottomLevelASGenerator::AddVertexBuffer(VkBuffer vertexBuffer, VkDeviceSize vertexOffsetInBytes, uint32_t vertexCount, VkDeviceSize vertexSizeInBytes, VkBuffer indexBuffer, VkDeviceSize indexOffsetInBytes, uint32_t indexCount, VkBuffer transformBuffer, VkDeviceSize transformOffsetInBytes, bool isOpaque=true) is not documented:
    parameter 'vertexBuffer'
  C:/Users/hlavacs/Documents/GitHub/ViennaVulkanEngine/VulkanEngine/BottomLevelASGenerator.h:90: warning: The following parameter of nv_helpers_vk::BottomLevelASGenerator::AddVertexBuffer(VkBuffer vertexBuffer, VkDeviceSize vertexOffsetInBytes, uint32_t vertexCount, VkDeviceSize vertexSizeInBytes, VkBuffer transformBuffer, VkDeviceSize transformOffsetInBytes, bool isOpaque=true) is not documented:
    parameter 'vertexBuffer'
  C:/Users/hlavacs/Documents/GitHub/ViennaVulkanEngine/VulkanEngine/BottomLevelASGenerator.h:145: warning: The following parameters of nv_helpers_vk::BottomLevelASGenerator::ComputeASBufferSizes(VkDevice device, VkAccelerationStructureNV accelerationStructure, VkDeviceSize *scratchSizeInBytes, VkDeviceSize *resultSizeInBytes) are not documented:
    parameter 'device'
    parameter 'scratchSizeInBytes'
  C:/Users/hlavacs/Documents/GitHub/ViennaVulkanEngine/VulkanEngine/BottomLevelASGenerator.h:158: warning: The following parameters of nv_helpers_vk::BottomLevelASGenerator::Generate(VkDevice device, VkCommandBuffer commandList, VkAccelerationStructureNV accelerationStructure, VkBuffer scratchBuffer, VkDeviceSize scratchOffset, VkBuffer resultBuffer, VkDeviceMemory resultMem, VkBool32 updateOnly=VK_FALSE, VkAccelerationStructureNV previousResult=VK_NULL_HANDLE) are not documented:
    parameter 'device'
    parameter 'commandList'
    parameter 'scratchBuffer'
    parameter 'updateOnly'
  C:/Users/hlavacs/Documents/GitHub/ViennaVulkanEngine/VulkanEngine/DescriptorSetGenerator.h:46: warning: The following parameter of nv_helpers_vk::DescriptorSetGenerator::AddBinding(uint32_t binding, uint32_t descriptorCount, VkDescriptorType type, VkShaderStageFlags stage, VkSampler *sampler=nullptr) is not documented:
    parameter 'binding'
  C:/Users/hlavacs/Documents/GitHub/ViennaVulkanEngine/VulkanEngine/DescriptorSetGenerator.h:89: warning: The following parameter of nv_helpers_vk::DescriptorSetGenerator::WriteInfo::Bind(VkDescriptorSet set, uint32_t binding, VkDescriptorType type, const std::vector< T > &info) is not documented:
    parameter 'set'
  C:/Users/hlavacs/Documents/GitHub/ViennaVulkanEngine/VulkanEngine/ShaderBindingTableGenerator.h:154: warning: Member GetRayGenOffset() const (function) of class nv_helpers_vk::ShaderBindingTableGenerator is not documented.
  C:/Users/hlavacs/Documents/GitHub/ViennaVulkanEngine/VulkanEngine/ShaderBindingTableGenerator.h:162: warning: Member GetMissOffset() const (function) of class nv_helpers_vk::ShaderBindingTableGenerator is not documented.
  C:/Users/hlavacs/Documents/GitHub/ViennaVulkanEngine/VulkanEngine/ShaderBindingTableGenerator.h:170: warning: Member GetHitGroupOffset() const (function) of class nv_helpers_vk::ShaderBindingTableGenerator is not documented.
  C:/Users/hlavacs/Documents/GitHub/ViennaVulkanEngine/VulkanEngine/TopLevelASGenerator.h:97: warning: The following parameter of nv_helpers_vk::TopLevelASGenerator::AddInstance(VkAccelerationStructureNV bottomLevelAS, const glm::mat4x4 &transform, uint32_t instanceID, uint32_t hitGroupIndex) is not documented:
    parameter 'bottomLevelAS'
  C:/Users/hlavacs/Documents/GitHub/ViennaVulkanEngine/VulkanEngine/TopLevelASGenerator.h:133: warning: The following parameters of nv_helpers_vk::TopLevelASGenerator::Generate(VkDevice device, VkCommandBuffer commandBuffer, VkAccelerationStructureNV accelerationStructure, VkBuffer scratchBuffer, VkDeviceSize scratchOffset, VkBuffer resultBuffer, VkDeviceMemory resultMem, VkBuffer instancesBuffer, VkDeviceMemory instancesMem, VkBool32 updateOnly=false, VkAccelerationStructureNV previousResult=nullptr) are not documented:
    parameter 'device'
    parameter 'commandBuffer'
    parameter 'scratchBuffer'
    parameter 'instancesBuffer'
    parameter 'updateOnly'
  C:/Users/hlavacs/Documents/GitHub/ViennaVulkanEngine/VulkanEngine/VEEnums.h:6: warning: Member veRendererType (enumeration) of  ve is not documented.
  C:/Users/hlavacs/Documents/GitHub/ViennaVulkanEngine/VulkanEngine/VEEntity.h:63: warning: Member getRotation2() (function) of class ve::VESceneNode is not documented.
  C:/Users/hlavacs/Documents/GitHub/ViennaVulkanEngine/VulkanEngine/VEEntity.h:63: warning: Member getRotation2() (function) of class ve::VESceneNode is not documented.
  C:/Users/hlavacs/Documents/GitHub/ViennaVulkanEngine/VulkanEngine/VEEntity.h:344: warning: Member a (variable) of struct ve::VECamera::veUBOPerCamera_t is not documented.
  C:/Users/hlavacs/Documents/GitHub/ViennaVulkanEngine/VulkanEngine/VEEntity.h:344: warning: Member b (variable) of struct ve::VECamera::veUBOPerCamera_t is not documented.
  C:/Users/hlavacs/Documents/GitHub/ViennaVulkanEngine/VulkanEngine/VEEntity.h:344: warning: Member c (variable) of struct ve::VECamera::veUBOPerCamera_t is not documented.
  C:/Users/hlavacs/Documents/GitHub/ViennaVulkanEngine/VulkanEngine/VEEntity.h:344: warning: Member d (variable) of struct ve::VECamera::veUBOPerCamera_t is not documented.
  C:/Users/hlavacs/Documents/GitHub/ViennaVulkanEngine/VulkanEngine/VEEntity.h:344: warning: Member e (variable) of struct ve::VECamera::veUBOPerCamera_t is not documented.
  C:/Users/hlavacs/Documents/GitHub/ViennaVulkanEngine/VulkanEngine/VEEntity.h:344: warning: Member f (variable) of struct ve::VECamera::veUBOPerCamera_t is not documented.
  C:/Users/hlavacs/Documents/GitHub/ViennaVulkanEngine/VulkanEngine/VEEntity.h:63: warning: Member getRotation2() (function) of class ve::VESceneNode is not documented.
  C:/Users/hlavacs/Documents/GitHub/ViennaVulkanEngine/VulkanEngine/VEEntity.h:63: warning: Member getRotation2() (function) of class ve::VESceneNode is not documented.
  C:/Users/hlavacs/Documents/GitHub/ViennaVulkanEngine/VulkanEngine/VEEntity.h:257: warning: Member m_AccelerationStructure (variable) of class ve::VEEntity is not documented.
  C:/Users/hlavacs/Documents/GitHub/ViennaVulkanEngine/VulkanEngine/VEEntity.h:247: warning: Member updateAccelerationStructure() (function) of class ve::VEEntity is not documented.
  C:/Users/hlavacs/Documents/GitHub/ViennaVulkanEngine/VulkanEngine/VEEntity.h:63: warning: Member getRotation2() (function) of class ve::VESceneNode is not documented.
  C:/Users/hlavacs/Documents/GitHub/ViennaVulkanEngine/VulkanEngine/VEEntity.h:745: warning: argument 'pClothMesh' of command @param is not found in the argument list of ve::VEClothEntity::VEClothEntity(std::string name, VEClothMesh *pMutableMesh, VEMaterial *pMat)
  C:/Users/hlavacs/Documents/GitHub/ViennaVulkanEngine/VulkanEngine/VEEntity.h:752: warning: The following parameter of ve::VEClothEntity::VEClothEntity(std::string name, VEClothMesh *pMutableMesh, VEMaterial *pMat) is not documented:
    parameter 'pMutableMesh'
  C:/Users/hlavacs/Documents/GitHub/ViennaVulkanEngine/VulkanEngine/VEEntity.h:63: warning: Member getRotation2() (function) of class ve::VESceneNode is not documented.
  C:/Users/hlavacs/Documents/GitHub/ViennaVulkanEngine/VulkanEngine/VEEngine.h:137: warning: Member getRendererType() (function) of class ve::VEEngine is not documented.
  C:/Users/hlavacs/Documents/GitHub/ViennaVulkanEngine/VulkanEngine/VEEngine.h:231: warning: Member isRayTracing() (function) of class ve::VEEngine is not documented.
  C:/Users/hlavacs/Documents/GitHub/ViennaVulkanEngine/VulkanEngine/VEEngine.h:50: warning: Member m_rendererType (variable) of class ve::VEEngine is not documented.
  C:/Users/hlavacs/Documents/GitHub/ViennaVulkanEngine/VulkanEngine/VEEngine.h:105: warning: The following parameter of ve::VEEngine::VEEngine(veRendererType type, bool debug=false) is not documented:
    parameter 'type'
  C:/Users/hlavacs/Documents/GitHub/ViennaVulkanEngine/VulkanEngine/VEEntity.h:257: warning: Member m_AccelerationStructure (variable) of class ve::VEEntity is not documented.
  C:/Users/hlavacs/Documents/GitHub/ViennaVulkanEngine/VulkanEngine/VEEntity.h:247: warning: Member updateAccelerationStructure() (function) of class ve::VEEntity is not documented.
  C:/Users/hlavacs/Documents/GitHub/ViennaVulkanEngine/VulkanEngine/VEEntity.h:63: warning: Member getRotation2() (function) of class ve::VESceneNode is not documented.
  C:/Users/hlavacs/Documents/GitHub/ViennaVulkanEngine/VulkanEngine/VEEntity.h:63: warning: Member getRotation2() (function) of class ve::VESceneNode is not documented.
  C:/Users/hlavacs/Documents/GitHub/ViennaVulkanEngine/VulkanEngine/VEEntity.h:567: warning: Member a (variable) of struct ve::VELight::veUBOPerLight_t is not documented.
  C:/Users/hlavacs/Documents/GitHub/ViennaVulkanEngine/VulkanEngine/VEEntity.h:567: warning: Member b (variable) of struct ve::VELight::veUBOPerLight_t is not documented.
  C:/Users/hlavacs/Documents/GitHub/ViennaVulkanEngine/VulkanEngine/VEEntity.h:567: warning: Member c (variable) of struct ve::VELight::veUBOPerLight_t is not documented.
  C:/Users/hlavacs/Documents/GitHub/ViennaVulkanEngine/VulkanEngine/VEEntity.h:567: warning: Member d (variable) of struct ve::VELight::veUBOPerLight_t is not documented.
  C:/Users/hlavacs/Documents/GitHub/ViennaVulkanEngine/VulkanEngine/VEEntity.h:567: warning: Member e (variable) of struct ve::VELight::veUBOPerLight_t is not documented.
  C:/Users/hlavacs/Documents/GitHub/ViennaVulkanEngine/VulkanEngine/VEEntity.h:567: warning: Member f (variable) of struct ve::VELight::veUBOPerLight_t is not documented.
  C:/Users/hlavacs/Documents/GitHub/ViennaVulkanEngine/VulkanEngine/VEEntity.h:63: warning: Member getRotation2() (function) of class ve::VESceneNode is not documented.
  Generating code for file VEEventListenerGLFW.h...
  Generating code for file VEEventListenerNuklear.h...
  Generating code for file VEEventListenerNuklearDebug.h...
  Generating code for file VEInclude.h...
  Generating code for file VEMaterial.h...
  Generating code for file VENamedClass.h...
  Generating code for file VERenderer.h...
  Generating code for file VERendererDeferred.h...
  Generating code for file VERendererForward.h...
  Generating code for file VERendererRayTracingKHR.h...
  Generating code for file VERendererRayTracingNV.h...
  Generating code for file VERendererShader.h...
  Generating code for file VESceneManager.h...
  Generating code for file VESubrender.h...
  Generating code for file VESubrender_Nuklear.h...
  Generating code for file VESubrenderDF.h...
  Generating code for file VESubrenderDF_C1.h...
  Generating code for file VESubrenderDF_Composer.h...
  Generating code for file VESubrenderDF_D.h...
  Generating code for file VESubrenderDF_DN.h...
  Generating code for file VESubrenderDF_Shadow.h...
  Generating code for file VESubrenderDF_Skyplane.h...
  Generating code for file VESubrenderFW.h...
  Generating code for file VESubrenderFW_C1.h...
  Generating code for file VESubrenderFW_Cloth.h...
  Generating code for file VESubrenderFW_D.h...
  Generating code for file VESubrenderFW_DN.h...
  Generating code for file VESubrenderFW_Shadow.h...
  Generating code for file VESubrenderFW_Skyplane.h...
  Generating code for file VESubrenderRayTracingKHR.h...
  Generating code for file VESubrenderRayTracingKHR_DN.h...
  Generating code for file VESubrenderRayTracingNV.h...
  Generating code for file VESubrenderRayTracingNV_DN.h...
  Generating code for file VEWindow.h...
  Generating code for file VEWindowGLFW.h...
  Generating code for file VHFunctions.h...
  Generating code for file VHHelper.h...
  Generating code for file VKHelpers.h...
  Generating file documentation...
  Generating page documentation...
  Generating group documentation...
  Generating class documentation...
  Generating namespace index...
  Generating docs for compound cl::clEdge...
  Generating docs for compound cl::clFrustum...
  Generating docs for compound cl::clHalfspace...
  Generating docs for compound cl::clPlane...
  Generating docs for compound cl::clQuad...
  Generating docs for compound cl::clSphere...
  Generating docs for compound nv_helpers_vk::BottomLevelASGenerator...
  Generating docs for compound nv_helpers_vk::DescriptorSetGenerator...
  Generating docs for nested compound nv_helpers_vk::DescriptorSetGenerator::WriteInfo...
  Generating docs for compound nv_helpers_vk::RayTracingPipelineGenerator...
  Generating docs for compound nv_helpers_vk::ShaderBindingTableGenerator...
  Generating docs for compound nv_helpers_vk::TopLevelASGenerator...
  Generating docs for namespace ve
  Generating docs for compound ve::VEAmbientLight...
  Generating docs for compound ve::VECamera...
  Generating docs for nested compound ve::VECamera::veUBOPerCamera_t...
  Generating docs for compound ve::VECameraOrtho...
  Generating docs for compound ve::VECameraProjective...
  Generating docs for compound ve::VEClothEntity...
  Generating docs for compound ve::VEClothMesh...
  Generating docs for compound ve::VEDirectionalLight...
  Generating docs for compound ve::VEEngine...
  Generating docs for compound ve::VEEntity...
  Generating docs for nested compound ve::VEEntity::veUBOPerEntity_t...
  Generating docs for compound ve::veEvent...
  Generating docs for compound ve::VEEventListener...
  Generating docs for compound ve::VEEventListenerGLFW...
  Generating docs for compound ve::VEEventListenerNuklear...
  Generating docs for compound ve::VEEventListenerNuklearDebug...
  Generating docs for compound ve::VELight...
  Generating docs for nested compound ve::VELight::veUBOPerLight_t...
  Generating docs for compound ve::VEMaterial...
  Generating docs for compound ve::VEMesh...
  Generating docs for compound ve::VENamedClass...
  Generating docs for compound ve::VEPointLight...
  Generating docs for compound ve::VERenderer...
  Generating docs for nested compound ve::VERenderer::lightBufferLists_t...
  Generating docs for nested compound ve::VERenderer::secondaryBufferLists_t...
  C:/Users/hlavacs/Documents/GitHub/ViennaVulkanEngine/VulkanEngine/VERendererDeferred.h:107: warning: Member getThreadCommandPool() (function) of class ve::VERendererDeferred is not documented.
  C:/Users/hlavacs/Documents/GitHub/ViennaVulkanEngine/VulkanEngine/VERendererDeferred.h:122: warning: Member getDescriptorSetLayoutOffscreen() (function) of class ve::VERendererDeferred is not documented.
  C:/Users/hlavacs/Documents/GitHub/ViennaVulkanEngine/VulkanEngine/VERendererDeferred.h:133: warning: Member getDescriptorSetsOffscreen() (function) of class ve::VERendererDeferred is not documented.
  C:/Users/hlavacs/Documents/GitHub/ViennaVulkanEngine/VulkanEngine/VERendererDeferred.h:90: warning: Member recordRenderpass(VkRenderPass *pRenderPass, std::vector< VESubrender * > subRenderers, VkFramebuffer *pFrameBuffer, uint32_t imageIndex, uint32_t numPass, VECamera *pCamera, VELight *pLight, std::vector< VkDescriptorSet > descriptorSetsShadow) (function) of class ve::VERendererDeferred is not documented.
  C:/Users/hlavacs/Documents/GitHub/ViennaVulkanEngine/VulkanEngine/VERendererDeferred.h:42: warning: Member m_renderPassOnscreenClear (variable) of class ve::VERendererDeferred is not documented.
  C:/Users/hlavacs/Documents/GitHub/ViennaVulkanEngine/VulkanEngine/VERendererDeferred.h:43: warning: Member m_renderPassOnscreenLoad (variable) of class ve::VERendererDeferred is not documented.
  C:/Users/hlavacs/Documents/GitHub/ViennaVulkanEngine/VulkanEngine/VERendererDeferred.h:47: warning: Member m_depthMaps (variable) of class ve::VERendererDeferred is not documented.
  C:/Users/hlavacs/Documents/GitHub/ViennaVulkanEngine/VulkanEngine/VERendererDeferred.h:48: warning: Member m_positionMaps (variable) of class ve::VERendererDeferred is not documented.
  C:/Users/hlavacs/Documents/GitHub/ViennaVulkanEngine/VulkanEngine/VERendererDeferred.h:49: warning: Member m_normalMaps (variable) of class ve::VERendererDeferred is not documented.
  C:/Users/hlavacs/Documents/GitHub/ViennaVulkanEngine/VulkanEngine/VERendererDeferred.h:50: warning: Member m_albedoMaps (variable) of class ve::VERendererDeferred is not documented.
  C:/Users/hlavacs/Documents/GitHub/ViennaVulkanEngine/VulkanEngine/VERendererDeferred.h:54: warning: Member m_renderPassOffscreen (variable) of class ve::VERendererDeferred is not documented.
  C:/Users/hlavacs/Documents/GitHub/ViennaVulkanEngine/VulkanEngine/VERendererDeferred.h:56: warning: Member m_descriptorSetLayoutOffscreen (variable) of class ve::VERendererDeferred is not documented.
  C:/Users/hlavacs/Documents/GitHub/ViennaVulkanEngine/VulkanEngine/VERendererDeferred.h:57: warning: Member m_descriptorSetsOffscreen (variable) of class ve::VERendererDeferred is not documented.
  C:/Users/hlavacs/Documents/GitHub/ViennaVulkanEngine/VulkanEngine/VERendererForward.h:63: warning: Member recordCmdBuffers2() (function) of class ve::VERendererForward is not documented.
  C:/Users/hlavacs/Documents/GitHub/ViennaVulkanEngine/VulkanEngine/VERendererForward.h:72: warning: Member prepareRecording() (function) of class ve::VERendererForward is not documented.
  C:/Users/hlavacs/Documents/GitHub/ViennaVulkanEngine/VulkanEngine/VERendererForward.h:74: warning: Member recordSecondaryBuffers() (function) of class ve::VERendererForward is not documented.
  C:/Users/hlavacs/Documents/GitHub/ViennaVulkanEngine/VulkanEngine/VERendererForward.h:76: warning: Member recordSecondaryBuffersForLight(VELight *Light, uint32_t numPass) (function) of class ve::VERendererForward is not documented.
  C:/Users/hlavacs/Documents/GitHub/ViennaVulkanEngine/VulkanEngine/VERendererForward.h:78: warning: Member recordPrimaryBuffers() (function) of class ve::VERendererForward is not documented.
  C:/Users/hlavacs/Documents/GitHub/ViennaVulkanEngine/VulkanEngine/VERendererRayTracingKHR.h:47: warning: Member getPhysicalDeviceRTProperties() (function) of class ve::VERendererRayTracingKHR is not documented.
  C:/Users/hlavacs/Documents/GitHub/ViennaVulkanEngine/VulkanEngine/VERendererRayTracingKHR.h:58: warning: Member getTLASHandlePointer() (function) of class ve::VERendererRayTracingKHR is not documented.
  C:/Users/hlavacs/Documents/GitHub/ViennaVulkanEngine/VulkanEngine/VERendererRayTracingKHR.h:66: warning: Member updateTLAS() (function) of class ve::VERendererRayTracingKHR is not documented.
  C:/Users/hlavacs/Documents/GitHub/ViennaVulkanEngine/VulkanEngine/VERendererRayTracingKHR.h:81: warning: Member recordRenderpass(std::vector< VESubrender * > subRenderers, VkFramebuffer *pFrameBuffer, uint32_t imageIndex, uint32_t numPass, VECamera *pCamera, VELight *pLight) (function) of class ve::VERendererRayTracingKHR is not documented.
  C:/Users/hlavacs/Documents/GitHub/ViennaVulkanEngine/VulkanEngine/VERendererRayTracingKHR.h:111: warning: Member m_renderPass (variable) of class ve::VERendererRayTracingKHR is not documented.
  C:/Users/hlavacs/Documents/GitHub/ViennaVulkanEngine/VulkanEngine/VERendererRayTracingKHR.h:117: warning: Member m_topLevelAS (variable) of class ve::VERendererRayTracingKHR is not documented.
  C:/Users/hlavacs/Documents/GitHub/ViennaVulkanEngine/VulkanEngine/VERendererRayTracingKHR.h:119: warning: Member m_raytracingProperties (variable) of class ve::VERendererRayTracingKHR is not documented.
  C:/Users/hlavacs/Documents/GitHub/ViennaVulkanEngine/VulkanEngine/VERendererRayTracingKHR.h:120: warning: Member m_raytracingFeatures (variable) of class ve::VERendererRayTracingKHR is not documented.
  C:/Users/hlavacs/Documents/GitHub/ViennaVulkanEngine/VulkanEngine/VERendererRayTracingNV.h:44: warning: Member getPhysicalDeviceRTProperties() (function) of class ve::VERendererRayTracingNV is not documented.
  C:/Users/hlavacs/Documents/GitHub/ViennaVulkanEngine/VulkanEngine/VERendererRayTracingNV.h:58: warning: Member updateTLAS() (function) of class ve::VERendererRayTracingNV is not documented.
  C:/Users/hlavacs/Documents/GitHub/ViennaVulkanEngine/VulkanEngine/VERendererRayTracingNV.h:60: warning: Member getTLASHandlePointer() (function) of class ve::VERendererRayTracingNV is not documented.
  C:/Users/hlavacs/Documents/GitHub/ViennaVulkanEngine/VulkanEngine/VERendererRayTracingNV.h:78: warning: Member recordRenderpass(std::vector< VESubrender * > subRenderers, VkFramebuffer *pFrameBuffer, uint32_t imageIndex, uint32_t numPass, VECamera *pCamera, VELight *pLight) (function) of class ve::VERendererRayTracingNV is not documented.
  C:/Users/hlavacs/Documents/GitHub/ViennaVulkanEngine/VulkanEngine/VERendererRayTracingNV.h:114: warning: Member m_topLevelAS (variable) of class ve::VERendererRayTracingNV is not documented.
  C:/Users/hlavacs/Documents/GitHub/ViennaVulkanEngine/VulkanEngine/VERendererRayTracingNV.h:116: warning: Member m_raytracingProperties (variable) of class ve::VERendererRayTracingNV is not documented.
  C:/Users/hlavacs/Documents/GitHub/ViennaVulkanEngine/VulkanEngine/VEEntity.h:63: warning: Member getRotation2() (function) of class ve::VESceneNode is not documented.
  C:/Users/hlavacs/Documents/GitHub/ViennaVulkanEngine/VulkanEngine/VEEntity.h:63: warning: Member getRotation2() (function) of class ve::VESceneNode is not documented.
  C:/Users/hlavacs/Documents/GitHub/ViennaVulkanEngine/VulkanEngine/VEEntity.h:63: warning: Member getRotation2() (function) of class ve::VESceneNode is not documented.
  C:/Users/hlavacs/Documents/GitHub/ViennaVulkanEngine/VulkanEngine/VESubrender.h:79: warning: Member updateRTDescriptorSets() (function) of class ve::VESubrender is not documented.
  C:/Users/hlavacs/Documents/GitHub/ViennaVulkanEngine/VulkanEngine/VESubrender.h:79: warning: Member updateRTDescriptorSets() (function) of class ve::VESubrender is not documented.
  C:/Users/hlavacs/Documents/GitHub/ViennaVulkanEngine/VulkanEngine/VESubrender_Nuklear.h:22: warning: Member m_renderer (variable) of class ve::VESubrender_Nuklear is not documented.
  C:/Users/hlavacs/Documents/GitHub/ViennaVulkanEngine/VulkanEngine/VESubrender.h:79: warning: Member updateRTDescriptorSets() (function) of class ve::VESubrender is not documented.
  C:/Users/hlavacs/Documents/GitHub/ViennaVulkanEngine/VulkanEngine/VESubrenderDF.h:28: warning: Member m_renderer (variable) of class ve::VESubrenderDF is not documented.
  C:/Users/hlavacs/Documents/GitHub/ViennaVulkanEngine/VulkanEngine/VESubrenderDF.cpp:74: warning: argument 'pLight' of command @param is not found in the argument list of ve::VESubrenderDF::bindDescriptorSetsPerFrame(VkCommandBuffer commandBuffer, uint32_t imageIndex, VECamera *pCamera)
  C:/Users/hlavacs/Documents/GitHub/ViennaVulkanEngine/VulkanEngine/VESubrenderDF.cpp:74: warning: argument 'descriptorSetsShadow' of command @param is not found in the argument list of ve::VESubrenderDF::bindDescriptorSetsPerFrame(VkCommandBuffer commandBuffer, uint32_t imageIndex, VECamera *pCamera)
  C:/Users/hlavacs/Documents/GitHub/ViennaVulkanEngine/VulkanEngine/VESubrender.h:79: warning: Member updateRTDescriptorSets() (function) of class ve::VESubrender is not documented.
  C:/Users/hlavacs/Documents/GitHub/ViennaVulkanEngine/VulkanEngine/VESubrenderDF.h:28: warning: Member m_renderer (variable) of class ve::VESubrenderDF is not documented.
  C:/Users/hlavacs/Documents/GitHub/ViennaVulkanEngine/VulkanEngine/VESubrender.h:79: warning: Member updateRTDescriptorSets() (function) of class ve::VESubrender is not documented.
  C:/Users/hlavacs/Documents/GitHub/ViennaVulkanEngine/VulkanEngine/VESubrenderDF.h:28: warning: Member m_renderer (variable) of class ve::VESubrenderDF is not documented.
  C:/Users/hlavacs/Documents/GitHub/ViennaVulkanEngine/VulkanEngine/VESubrenderDF_Composer.cpp:106: warning: argument 'entity' of command @param is not found in the argument list of ve::VESubrenderDF_Composer::bindOffscreenDescriptorSet(VkCommandBuffer commandBuffer, uint32_t imageIndex)
  C:/Users/hlavacs/Documents/GitHub/ViennaVulkanEngine/VulkanEngine/VESubrenderDF_Composer.h:46: warning: The following parameters of ve::VESubrenderDF_Composer::draw(VkCommandBuffer commandBuffer, uint32_t imageIndex, uint32_t numPass, VECamera *pCamera, VELight *pLight, std::vector< VkDescriptorSet > descriptorSetsShadow) are not documented:
    parameter 'numPass'
    parameter 'pCamera'
    parameter 'pLight'
    parameter 'descriptorSetsShadow'
  C:/Users/hlavacs/Documents/GitHub/ViennaVulkanEngine/VulkanEngine/VESubrender.h:79: warning: Member updateRTDescriptorSets() (function) of class ve::VESubrender is not documented.
  C:/Users/hlavacs/Documents/GitHub/ViennaVulkanEngine/VulkanEngine/VESubrenderDF.h:28: warning: Member m_renderer (variable) of class ve::VESubrenderDF is not documented.
  C:/Users/hlavacs/Documents/GitHub/ViennaVulkanEngine/VulkanEngine/VESubrender.h:79: warning: Member updateRTDescriptorSets() (function) of class ve::VESubrender is not documented.
  C:/Users/hlavacs/Documents/GitHub/ViennaVulkanEngine/VulkanEngine/VESubrenderDF.h:28: warning: Member m_renderer (variable) of class ve::VESubrenderDF is not documented.
  C:/Users/hlavacs/Documents/GitHub/ViennaVulkanEngine/VulkanEngine/VESubrender.h:79: warning: Member updateRTDescriptorSets() (function) of class ve::VESubrender is not documented.
  C:/Users/hlavacs/Documents/GitHub/ViennaVulkanEngine/VulkanEngine/VESubrenderDF.h:28: warning: Member m_renderer (variable) of class ve::VESubrenderDF is not documented.
  C:/Users/hlavacs/Documents/GitHub/ViennaVulkanEngine/VulkanEngine/VESubrenderDF_Shadow.h:44: warning: The following parameters of ve::VESubrenderDF_Shadow::draw(VkCommandBuffer commandBuffer, uint32_t imageIndex, uint32_t numPass, VECamera *pCamera, VELight *pLight, std::vector< VkDescriptorSet > descriptorSetsShadow) are not documented:
    parameter 'numPass'
    parameter 'pCamera'
    parameter 'pLight'
    parameter 'descriptorSetsShadow'
  C:/Users/hlavacs/Documents/GitHub/ViennaVulkanEngine/VulkanEngine/VESubrender.h:79: warning: Member updateRTDescriptorSets() (function) of class ve::VESubrender is not documented.
  C:/Users/hlavacs/Documents/GitHub/ViennaVulkanEngine/VulkanEngine/VESubrenderDF.h:28: warning: Member m_renderer (variable) of class ve::VESubrenderDF is not documented.
  C:/Users/hlavacs/Documents/GitHub/ViennaVulkanEngine/VulkanEngine/VESubrender.h:79: warning: Member updateRTDescriptorSets() (function) of class ve::VESubrender is not documented.
  C:/Users/hlavacs/Documents/GitHub/ViennaVulkanEngine/VulkanEngine/VESubrenderFW.h:29: warning: Member m_renderer (variable) of class ve::VESubrenderFW is not documented.
  C:/Users/hlavacs/Documents/GitHub/ViennaVulkanEngine/VulkanEngine/VESubrender.h:79: warning: Member updateRTDescriptorSets() (function) of class ve::VESubrender is not documented.
  C:/Users/hlavacs/Documents/GitHub/ViennaVulkanEngine/VulkanEngine/VESubrenderFW.h:29: warning: Member m_renderer (variable) of class ve::VESubrenderFW is not documented.
  C:/Users/hlavacs/Documents/GitHub/ViennaVulkanEngine/VulkanEngine/VESubrenderFW_Cloth.h:16: warning: Member VESubrenderFW_Cloth(VERendererForward &renderer) (function) of class ve::VESubrenderFW_Cloth is not documented.
  C:/Users/hlavacs/Documents/GitHub/ViennaVulkanEngine/VulkanEngine/VESubrender.h:79: warning: Member updateRTDescriptorSets() (function) of class ve::VESubrender is not documented.
  C:/Users/hlavacs/Documents/GitHub/ViennaVulkanEngine/VulkanEngine/VESubrenderFW.h:29: warning: Member m_renderer (variable) of class ve::VESubrenderFW is not documented.
  C:/Users/hlavacs/Documents/GitHub/ViennaVulkanEngine/VulkanEngine/VESubrender.h:79: warning: Member updateRTDescriptorSets() (function) of class ve::VESubrender is not documented.
  C:/Users/hlavacs/Documents/GitHub/ViennaVulkanEngine/VulkanEngine/VESubrenderFW.h:29: warning: Member m_renderer (variable) of class ve::VESubrenderFW is not documented.
  C:/Users/hlavacs/Documents/GitHub/ViennaVulkanEngine/VulkanEngine/VESubrender.h:79: warning: Member updateRTDescriptorSets() (function) of class ve::VESubrender is not documented.
  C:/Users/hlavacs/Documents/GitHub/ViennaVulkanEngine/VulkanEngine/VESubrenderFW.h:29: warning: Member m_renderer (variable) of class ve::VESubrenderFW is not documented.
  C:/Users/hlavacs/Documents/GitHub/ViennaVulkanEngine/VulkanEngine/VESubrender.h:79: warning: Member updateRTDescriptorSets() (function) of class ve::VESubrender is not documented.
  C:/Users/hlavacs/Documents/GitHub/ViennaVulkanEngine/VulkanEngine/VESubrenderFW.h:29: warning: Member m_renderer (variable) of class ve::VESubrenderFW is not documented.
  C:/Users/hlavacs/Documents/GitHub/ViennaVulkanEngine/VulkanEngine/VESubrender.h:79: warning: Member updateRTDescriptorSets() (function) of class ve::VESubrender is not documented.
  C:/Users/hlavacs/Documents/GitHub/ViennaVulkanEngine/VulkanEngine/VESubrenderFW.h:29: warning: Member m_renderer (variable) of class ve::VESubrenderFW is not documented.
  C:/Users/hlavacs/Documents/GitHub/ViennaVulkanEngine/VulkanEngine/VESubrender.h:79: warning: Member updateRTDescriptorSets() (function) of class ve::VESubrender is not documented.
  C:/Users/hlavacs/Documents/GitHub/ViennaVulkanEngine/VulkanEngine/VESubrenderRayTracingKHR.h:29: warning: Member m_renderer (variable) of class ve::VESubrenderRayTracingKHR is not documented.
  C:/Users/hlavacs/Documents/GitHub/ViennaVulkanEngine/VulkanEngine/VESubrenderRayTracingKHR_DN.h:74: warning: Member createRTGraphicsPipeline() (function) of class ve::VESubrenderRayTracingKHR_DN is not documented.
  C:/Users/hlavacs/Documents/GitHub/ViennaVulkanEngine/VulkanEngine/VESubrenderRayTracingKHR_DN.h:76: warning: Member createShaderBindingTable() (function) of class ve::VESubrenderRayTracingKHR_DN is not documented.
  C:/Users/hlavacs/Documents/GitHub/ViennaVulkanEngine/VulkanEngine/VESubrenderRayTracingKHR_DN.h:78: warning: Member createRaytracingDescriptorSets() (function) of class ve::VESubrenderRayTracingKHR_DN is not documented.
  C:/Users/hlavacs/Documents/GitHub/ViennaVulkanEngine/VulkanEngine/VESubrenderRayTracingKHR_DN.h:80: warning: Member updateRTDescriptorSets() override (function) of class ve::VESubrenderRayTracingKHR_DN is not documented.
  C:/Users/hlavacs/Documents/GitHub/ViennaVulkanEngine/VulkanEngine/VESubrenderRayTracingKHR_DN.h:42: warning: Member m_pushConstants (variable) of class ve::VESubrenderRayTracingKHR_DN is not documented.
  C:/Users/hlavacs/Documents/GitHub/ViennaVulkanEngine/VulkanEngine/VESubrenderRayTracingKHR_DN.h:43: warning: Member m_shaderGroups (variable) of class ve::VESubrenderRayTracingKHR_DN is not documented.
  C:/Users/hlavacs/Documents/GitHub/ViennaVulkanEngine/VulkanEngine/VESubrenderRayTracingKHR_DN.h:45: warning: Member m_SBTBuffer (variable) of class ve::VESubrenderRayTracingKHR_DN is not documented.
  C:/Users/hlavacs/Documents/GitHub/ViennaVulkanEngine/VulkanEngine/VESubrenderRayTracingKHR_DN.h:46: warning: Member m_SBTAllocation (variable) of class ve::VESubrenderRayTracingKHR_DN is not documented.
  C:/Users/hlavacs/Documents/GitHub/ViennaVulkanEngine/VulkanEngine/VESubrenderRayTracingKHR.h:29: warning: Member m_renderer (variable) of class ve::VESubrenderRayTracingKHR is not documented.
  C:/Users/hlavacs/Documents/GitHub/ViennaVulkanEngine/VulkanEngine/VESubrenderRayTracingKHR_DN.cpp:359: warning: argument 'descriptorSetsShadow' of command @param is not found in the argument list of ve::VESubrenderRayTracingKHR_DN::bindDescriptorSetsPerFrame(VkCommandBuffer commandBuffer, uint32_t imageIndex, VECamera *pCamera, VELight *pLight)
  C:/Users/hlavacs/Documents/GitHub/ViennaVulkanEngine/VulkanEngine/VESubrenderRayTracingKHR_DN.cpp:639: warning: argument 'entity' of command @param is not found in the argument list of ve::VESubrenderRayTracingKHR_DN::drawEntity(VkCommandBuffer commandBuffer, uint32_t imageIndex)
  C:/Users/hlavacs/Documents/GitHub/ViennaVulkanEngine/VulkanEngine/VESubrenderRayTracingKHR_DN.h:30: warning: Member enableShadows (variable) of struct ve::VESubrenderRayTracingKHR_DN::RTPushConstants is not documented.
  C:/Users/hlavacs/Documents/GitHub/ViennaVulkanEngine/VulkanEngine/VESubrenderRayTracingKHR_DN.h:31: warning: Member enableReflections (variable) of struct ve::VESubrenderRayTracingKHR_DN::RTPushConstants is not documented.
  C:/Users/hlavacs/Documents/GitHub/ViennaVulkanEngine/VulkanEngine/VESubrenderRayTracingKHR_DN.h:24: warning: Member buffer (variable) of struct ve::VESubrenderRayTracingKHR_DN::ShaderBindingTable is not documented.
  C:/Users/hlavacs/Documents/GitHub/ViennaVulkanEngine/VulkanEngine/VESubrenderRayTracingKHR_DN.h:25: warning: Member allocation (variable) of struct ve::VESubrenderRayTracingKHR_DN::ShaderBindingTable is not documented.
  C:/Users/hlavacs/Documents/GitHub/ViennaVulkanEngine/VulkanEngine/VESubrenderRayTracingKHR_DN.h:26: warning: Member mapped (variable) of struct ve::VESubrenderRayTracingKHR_DN::ShaderBindingTable is not documented.
  C:/Users/hlavacs/Documents/GitHub/ViennaVulkanEngine/VulkanEngine/VESubrender.h:79: warning: Member updateRTDescriptorSets() (function) of class ve::VESubrender is not documented.
  C:/Users/hlavacs/Documents/GitHub/ViennaVulkanEngine/VulkanEngine/VESubrenderRayTracingNV.h:29: warning: Member m_renderer (variable) of class ve::VESubrenderRayTracingNV is not documented.
  C:/Users/hlavacs/Documents/GitHub/ViennaVulkanEngine/VulkanEngine/VESubrenderRayTracingNV_DN.h:76: warning: Member createRTGraphicsPipeline() (function) of class ve::VESubrenderRayTracingNV_DN is not documented.
  C:/Users/hlavacs/Documents/GitHub/ViennaVulkanEngine/VulkanEngine/VESubrenderRayTracingNV_DN.h:78: warning: Member createShaderBindingTable() (function) of class ve::VESubrenderRayTracingNV_DN is not documented.
  C:/Users/hlavacs/Documents/GitHub/ViennaVulkanEngine/VulkanEngine/VESubrenderRayTracingNV_DN.h:80: warning: Member createRaytracingDescriptorSets() (function) of class ve::VESubrenderRayTracingNV_DN is not documented.
  C:/Users/hlavacs/Documents/GitHub/ViennaVulkanEngine/VulkanEngine/VESubrenderRayTracingNV_DN.h:82: warning: Member updateRTDescriptorSets() override (function) of class ve::VESubrenderRayTracingNV_DN is not documented.
  C:/Users/hlavacs/Documents/GitHub/ViennaVulkanEngine/VulkanEngine/VESubrenderRayTracingNV_DN.h:39: warning: Member m_pushConstants (variable) of class ve::VESubrenderRayTracingNV_DN is not documented.
  C:/Users/hlavacs/Documents/GitHub/ViennaVulkanEngine/VulkanEngine/VESubrenderRayTracingNV_DN.h:40: warning: Member m_rayGenIndex (variable) of class ve::VESubrenderRayTracingNV_DN is not documented.
  C:/Users/hlavacs/Documents/GitHub/ViennaVulkanEngine/VulkanEngine/VESubrenderRayTracingNV_DN.h:41: warning: Member m_hitGroupIndex (variable) of class ve::VESubrenderRayTracingNV_DN is not documented.
  C:/Users/hlavacs/Documents/GitHub/ViennaVulkanEngine/VulkanEngine/VESubrenderRayTracingNV_DN.h:42: warning: Member m_shadowHitGroupIndex (variable) of class ve::VESubrenderRayTracingNV_DN is not documented.
  C:/Users/hlavacs/Documents/GitHub/ViennaVulkanEngine/VulkanEngine/VESubrenderRayTracingNV_DN.h:43: warning: Member m_missIndex (variable) of class ve::VESubrenderRayTracingNV_DN is not documented.
  C:/Users/hlavacs/Documents/GitHub/ViennaVulkanEngine/VulkanEngine/VESubrenderRayTracingNV_DN.h:44: warning: Member m_shadowMissIndex (variable) of class ve::VESubrenderRayTracingNV_DN is not documented.
  C:/Users/hlavacs/Documents/GitHub/ViennaVulkanEngine/VulkanEngine/VESubrenderRayTracingNV_DN.h:45: warning: Member m_shaderBindingTableBuffer (variable) of class ve::VESubrenderRayTracingNV_DN is not documented.
  C:/Users/hlavacs/Documents/GitHub/ViennaVulkanEngine/VulkanEngine/VESubrenderRayTracingNV_DN.h:46: warning: Member m_shaderBindingTableMem (variable) of class ve::VESubrenderRayTracingNV_DN is not documented.
  C:/Users/hlavacs/Documents/GitHub/ViennaVulkanEngine/VulkanEngine/VESubrenderRayTracingNV_DN.h:47: warning: Member m_rtDSG (variable) of class ve::VESubrenderRayTracingNV_DN is not documented.
  C:/Users/hlavacs/Documents/GitHub/ViennaVulkanEngine/VulkanEngine/VESubrenderRayTracingNV_DN.h:48: warning: Member m_sbtGen (variable) of class ve::VESubrenderRayTracingNV_DN is not documented.
  C:/Users/hlavacs/Documents/GitHub/ViennaVulkanEngine/VulkanEngine/VESubrenderRayTracingNV.h:29: warning: Member m_renderer (variable) of class ve::VESubrenderRayTracingNV is not documented.
  C:/Users/hlavacs/Documents/GitHub/ViennaVulkanEngine/VulkanEngine/VESubrenderRayTracingNV_DN.cpp:287: warning: argument 'descriptorSetsShadow' of command @param is not found in the argument list of ve::VESubrenderRayTracingNV_DN::bindDescriptorSetsPerFrame(VkCommandBuffer commandBuffer, uint32_t imageIndex, VECamera *pCamera, VELight *pLight)
  C:/Users/hlavacs/Documents/GitHub/ViennaVulkanEngine/VulkanEngine/VESubrenderRayTracingNV_DN.cpp:572: warning: argument 'entity' of command @param is not found in the argument list of ve::VESubrenderRayTracingNV_DN::drawEntity(VkCommandBuffer commandBuffer, uint32_t imageIndex)
  C:/Users/hlavacs/Documents/GitHub/ViennaVulkanEngine/VulkanEngine/VESubrenderRayTracingNV_DN.h:27: warning: Member enableShadows (variable) of struct ve::VESubrenderRayTracingNV_DN::RTPushConstants is not documented.
  C:/Users/hlavacs/Documents/GitHub/ViennaVulkanEngine/VulkanEngine/VESubrenderRayTracingNV_DN.h:28: warning: Member enableReflections (variable) of struct ve::VESubrenderRayTracingNV_DN::RTPushConstants is not documented.
  C:/Users/hlavacs/Documents/GitHub/ViennaVulkanEngine/VulkanEngine/VEWindowGLFW.h:47: warning: Member window_close_callback(GLFWwindow *window) (function) of class ve::VEWindowGLFW is not documented.
  C:/Users/hlavacs/Documents/GitHub/ViennaVulkanEngine/VulkanEngine/VHRayTracing.cpp:16: warning: Member vhCreateScratchBuffer(VkDevice device, VmaAllocator vmaAllocator, VkDeviceSize size) (function) of  vh is not documented.
  C:/Users/hlavacs/Documents/GitHub/ViennaVulkanEngine/VulkanEngine/VHRayTracing.cpp:30: warning: Member vhDeleteScratchBuffer(VmaAllocator vmaAllocator, vhRayTracingScratchBuffer &scratchBuffer) (function) of  vh is not documented.
  C:/Users/hlavacs/Documents/GitHub/ViennaVulkanEngine/VulkanEngine/VHRayTracing.cpp:83: warning: Member vhGetBufferDeviceAddress(VkDevice device, VkBuffer buffer) (function) of  vh is not documented.
  C:/Users/hlavacs/Documents/GitHub/ViennaVulkanEngine/VulkanEngine/VHRayTracing.cpp:37: warning: Member vhCreateAccelerationStructureKHR(VmaAllocator vmaAllocator, vhAccelerationStructure &accelerationStructure, VkAccelerationStructureBuildSizesInfoKHR buildSizeInfo) (function) of  vh is not documented.
  C:/Users/hlavacs/Documents/GitHub/ViennaVulkanEngine/VulkanEngine/VHRayTracing.cpp:49: warning: Member vhDestroyAccelerationStructure(VkDevice device, VmaAllocator vmaAllocator, vhAccelerationStructure &as) (function) of  vh is not documented.
  C:/Users/hlavacs/Documents/GitHub/ViennaVulkanEngine/VulkanEngine/VHRayTracing.cpp:98: warning: Member vhCreateBottomLevelAccelerationStructureKHR(VkDevice device, VmaAllocator vmaAllocator, VkCommandPool commandPool, VkQueue graphicsQueue, vhAccelerationStructure &blas, const VkBuffer vertexBuffer, uint32_t vertexCount, const VkBuffer indexBuffer, uint32_t indexCount, const VkBuffer transformBuffer, uint32_t transformOffset) (function) of  vh is not documented.
  C:/Users/hlavacs/Documents/GitHub/ViennaVulkanEngine/VulkanEngine/VHRayTracing.cpp:218: warning: Member vhUpdateBottomLevelAccelerationStructureKHR(VkDevice device, VmaAllocator vmaAllocator, VkCommandPool commandPool, VkQueue graphicsQueue, vhAccelerationStructure &blas, const VkBuffer vertexBuffer, uint32_t vertexCount, const VkBuffer indexBuffer, uint32_t indexCount, const VkBuffer transformBuffer, uint32_t transformOffset) (function) of  vh is not documented.
  C:/Users/hlavacs/Documents/GitHub/ViennaVulkanEngine/VulkanEngine/VHRayTracing.cpp:323: warning: Member vhCreateTopLevelAccelerationStructureKHR(VkDevice device, VmaAllocator vmaAllocator, VkCommandPool commandPool, VkQueue graphicsQueue, std::vector< vhAccelerationStructure > &blas, vhAccelerationStructure &tlas) (function) of  vh is not documented.
  C:/Users/hlavacs/Documents/GitHub/ViennaVulkanEngine/VulkanEngine/VHRayTracing.cpp:471: warning: Member vhUpdateTopLevelAccelerationStructureKHR(VkDevice device, VmaAllocator vmaAllocator, VkCommandPool commandPool, VkQueue graphicsQueue, std::vector< vhAccelerationStructure > &blas, vhAccelerationStructure &tlas) (function) of  vh is not documented.
  C:/Users/hlavacs/Documents/GitHub/ViennaVulkanEngine/VulkanEngine/VHRayTracing.cpp:576: warning: Member vhCreateBottomLevelAccelerationStructureNV(VkPhysicalDevice physicalDevice, VkDevice device, VmaAllocator vmaAllocator, VkCommandPool commandPool, VkQueue graphicsQueue, vhAccelerationStructure &blas, const VkBuffer vertexBuffer, uint32_t vertexCount, const VkBuffer indexBuffer, uint32_t indexCount, const VkBuffer transformBuffer, uint32_t transformOffset) (function) of  vh is not documented.
  C:/Users/hlavacs/Documents/GitHub/ViennaVulkanEngine/VulkanEngine/VHRayTracing.cpp:632: warning: Member vhUpdateBottomLevelAccelerationStructureNV(VkDevice device, VmaAllocator vmaAllocator, VkCommandPool commandPool, VkQueue graphicsQueue, vhAccelerationStructure &blas, const VkBuffer vertexBuffer, uint32_t vertexCount, const VkBuffer indexBuffer, uint32_t indexCount, const VkBuffer transformBuffer, uint32_t transformOffset) (function) of  vh is not documented.
  C:/Users/hlavacs/Documents/GitHub/ViennaVulkanEngine/VulkanEngine/VHRayTracing.cpp:658: warning: Member vhCreateTopLevelAccelerationStructureNV(VkPhysicalDevice physicalDevice, VkDevice device, VmaAllocator vmaAllocator, VkCommandPool commandPool, VkQueue graphicsQueue, std::vector< vhAccelerationStructure > &blas, vhAccelerationStructure &tlas) (function) of  vh is not documented.
  C:/Users/hlavacs/Documents/GitHub/ViennaVulkanEngine/VulkanEngine/VHRayTracing.cpp:728: warning: Member vhUpdateTopLevelAccelerationStructureNV(VkDevice device, VmaAllocator vmaAllocator, VkCommandPool commandPool, VkQueue graphicsQueue, std::vector< vhAccelerationStructure > &blas, vhAccelerationStructure &tlas) (function) of  vh is not documented.
  C:/Users/hlavacs/Documents/GitHub/ViennaVulkanEngine/VulkanEngine/VHBuffer.cpp:1120: warning: argument 'vertices' from the argument list of vh::updateClothStagingBuffer has multiple @param documentation sections
  C:/Users/hlavacs/Documents/GitHub/ViennaVulkanEngine/VulkanEngine/VHBuffer.cpp:1120: warning: argument 'bufferSize' from the argument list of vh::updateClothStagingBuffer has multiple @param documentation sections
  C:/Users/hlavacs/Documents/GitHub/ViennaVulkanEngine/VulkanEngine/VHBuffer.cpp:1120: warning: argument 'ptrToStageBufMem' from the argument list of vh::updateClothStagingBuffer has multiple @param documentation sections
  C:/Users/hlavacs/Documents/GitHub/ViennaVulkanEngine/VulkanEngine/VHBuffer.cpp:1085: warning: The following parameters of vh::vhBufCreateClothVertexBuffers(VkDevice device, VmaAllocator allocator, VkQueue graphicsQueue, VkCommandPool commandPool, std::vector< vh::vhVertex > &vertices, VkBuffer *vertexBuffer, VmaAllocation *vertexBufferAllocation, VkBuffer *stagingBuffer, VmaAllocation *stagingBufferAllocation, void **ptrToStageBufMem, VkDeviceSize *bufferSize) are not documented:
    parameter 'device'
    parameter 'allocator'
    parameter 'graphicsQueue'
    parameter 'commandPool'
    parameter 'vertices'
    parameter 'vertexBuffer'
    parameter 'vertexBufferAllocation'
    parameter 'bufferSize'
  C:/Users/hlavacs/Documents/GitHub/ViennaVulkanEngine/VulkanEngine/VHBuffer.cpp:783: warning: argument 'imageViews' of command @param is not found in the argument list of vh::vhBufCreateFramebuffersOffscreen(VkDevice device, std::vector< VkImageView > positionImageViews, std::vector< VkImageView > normalImageViews, std::vector< VkImageView > albedoImageViews, std::vector< VkImageView > depthImageViews, VkRenderPass renderPass, VkExtent2D extent, std::vector< VkFramebuffer > &frameBuffers)
  C:/Users/hlavacs/Documents/GitHub/ViennaVulkanEngine/VulkanEngine/VHBuffer.cpp:135: warning: argument 'depthFormat' of command @param is not found in the argument list of vh::vhBufCreateOffscreenResources(VkDevice device, VmaAllocator allocator, VkQueue graphicsQueue, VkCommandPool commandPool, VkExtent2D extent, VkFormat format, VkImage *image, VmaAllocation *colorImageAllocation, VkImageView *colorImageView)
  C:/Users/hlavacs/Documents/GitHub/ViennaVulkanEngine/VulkanEngine/VHBuffer.cpp:135: warning: argument 'depthImage' of command @param is not found in the argument list of vh::vhBufCreateOffscreenResources(VkDevice device, VmaAllocator allocator, VkQueue graphicsQueue, VkCommandPool commandPool, VkExtent2D extent, VkFormat format, VkImage *image, VmaAllocation *colorImageAllocation, VkImageView *colorImageView)
  C:/Users/hlavacs/Documents/GitHub/ViennaVulkanEngine/VulkanEngine/VHBuffer.cpp:135: warning: argument 'depthImageAllocation' of command @param is not found in the argument list of vh::vhBufCreateOffscreenResources(VkDevice device, VmaAllocator allocator, VkQueue graphicsQueue, VkCommandPool commandPool, VkExtent2D extent, VkFormat format, VkImage *image, VmaAllocation *colorImageAllocation, VkImageView *colorImageView)
  C:/Users/hlavacs/Documents/GitHub/ViennaVulkanEngine/VulkanEngine/VHBuffer.cpp:135: warning: argument 'depthImageView' of command @param is not found in the argument list of vh::vhBufCreateOffscreenResources(VkDevice device, VmaAllocator allocator, VkQueue graphicsQueue, VkCommandPool commandPool, VkExtent2D extent, VkFormat format, VkImage *image, VmaAllocation *colorImageAllocation, VkImageView *colorImageView)
  C:/Users/hlavacs/Documents/GitHub/ViennaVulkanEngine/VulkanEngine/VHBuffer.cpp:147: warning: The following parameters of vh::vhBufCreateOffscreenResources(VkDevice device, VmaAllocator allocator, VkQueue graphicsQueue, VkCommandPool commandPool, VkExtent2D extent, VkFormat format, VkImage *image, VmaAllocation *colorImageAllocation, VkImageView *colorImageView) are not documented:
    parameter 'format'
    parameter 'image'
    parameter 'colorImageAllocation'
    parameter 'colorImageView'
  C:/Users/hlavacs/Documents/GitHub/ViennaVulkanEngine/VulkanEngine/VHBuffer.cpp:708: warning: argument 'allocator' of command @param is not found in the argument list of vh::vhBufCreateTextureSampler(VkDevice device, VkSampler *textureSampler)
  C:/Users/hlavacs/Documents/GitHub/ViennaVulkanEngine/VulkanEngine/VHBuffer.cpp:708: warning: argument 'graphicsQueue' of command @param is not found in the argument list of vh::vhBufCreateTextureSampler(VkDevice device, VkSampler *textureSampler)
  C:/Users/hlavacs/Documents/GitHub/ViennaVulkanEngine/VulkanEngine/VHBuffer.cpp:708: warning: argument 'commandPool' of command @param is not found in the argument list of vh::vhBufCreateTextureSampler(VkDevice device, VkSampler *textureSampler)
  C:/Users/hlavacs/Documents/GitHub/ViennaVulkanEngine/VulkanEngine/VHBuffer.cpp:708: warning: argument 'texCube' of command @param is not found in the argument list of vh::vhBufCreateTextureSampler(VkDevice device, VkSampler *textureSampler)
  C:/Users/hlavacs/Documents/GitHub/ViennaVulkanEngine/VulkanEngine/VHBuffer.cpp:708: warning: argument 'textureImage' of command @param is not found in the argument list of vh::vhBufCreateTextureSampler(VkDevice device, VkSampler *textureSampler)
  C:/Users/hlavacs/Documents/GitHub/ViennaVulkanEngine/VulkanEngine/VHBuffer.cpp:708: warning: argument 'textureImageAllocation' of command @param is not found in the argument list of vh::vhBufCreateTextureSampler(VkDevice device, VkSampler *textureSampler)
  C:/Users/hlavacs/Documents/GitHub/ViennaVulkanEngine/VulkanEngine/VHBuffer.cpp:708: warning: argument 'pFormat' of command @param is not found in the argument list of vh::vhBufCreateTextureSampler(VkDevice device, VkSampler *textureSampler)
  C:/Users/hlavacs/Documents/GitHub/ViennaVulkanEngine/VulkanEngine/VHBuffer.cpp:716: warning: argument 'device' from the argument list of vh::vhBufCreateTextureSampler has multiple @param documentation sections
  C:/Users/hlavacs/Documents/GitHub/ViennaVulkanEngine/VulkanEngine/VHDevice.cpp:358: warning: The following parameters of vh::vhDevCreateLogicalDevice(VkInstance instance, VkPhysicalDevice physicalDevice, VkSurfaceKHR surface, std::vector< const char * > requiredDeviceExtensions, std::vector< const char * > requiredValidationLayers, void *pNextChain, VkDevice *device, VkQueue *graphicsQueue, VkQueue *presentQueue) are not documented:
    parameter 'instance'
    parameter 'pNextChain'
  C:/Users/hlavacs/Documents/GitHub/ViennaVulkanEngine/VulkanEngine/VHMemory.cpp:52: warning: The following parameter of vh::vhMemCreateVMAAllocator(VkInstance instance, VkPhysicalDevice physicalDevice, VkDevice device, VmaAllocator &allocator) is not documented:
    parameter 'instance'
  C:/Users/hlavacs/Documents/GitHub/ViennaVulkanEngine/VulkanEngine/VHRender.cpp:783: warning: The following parameters of vh::vhPipeCreateGraphicsPipeline(VkDevice device, std::vector< std::string > shaderFileNames, VkExtent2D swapChainExtent, VkPipelineLayout pipelineLayout, VkRenderPass renderPass, std::vector< VkDynamicState > dynamicStates, VkPipeline *graphicsPipeline, VkCullModeFlags cullMode, int32_t blendAttachmentSize) are not documented:
    parameter 'cullMode'
    parameter 'blendAttachmentSize'
  C:/Users/hlavacs/Documents/GitHub/ViennaVulkanEngine/VulkanEngine/VHRender.cpp:26: warning: The following parameter of vh::vhRenderCreateRenderPass(VkDevice device, VkFormat swapChainImageFormat, VkFormat depthFormat, VkAttachmentLoadOp loadOp, VkRenderPass *renderPass, VkImageLayout colorAttachmentFinalLayout) is not documented:
    parameter 'colorAttachmentFinalLayout'
  C:/Users/hlavacs/Documents/GitHub/ViennaVulkanEngine/VulkanEngine/VHRender.cpp:100: warning: argument 'swapChainImageFormat' of command @param is not found in the argument list of vh::vhRenderCreateRenderPassOffscreen(VkDevice device, VkFormat depthFormat, VkRenderPass *renderPass)
  C:/Users/hlavacs/Documents/GitHub/ViennaVulkanEngine/VulkanEngine/VHHelper.h:210: warning: Member isDirty (variable) of struct vh::vhAccelerationStructure is not documented.
  C:/Users/hlavacs/Documents/GitHub/ViennaVulkanEngine/VulkanEngine/VHHelper.h:211: warning: Member instancesBuffer (variable) of struct vh::vhAccelerationStructure is not documented.
  C:/Users/hlavacs/Documents/GitHub/ViennaVulkanEngine/VulkanEngine/VHHelper.h:212: warning: Member resultBuffer (variable) of struct vh::vhAccelerationStructure is not documented.
  C:/Users/hlavacs/Documents/GitHub/ViennaVulkanEngine/VulkanEngine/VHHelper.h:215: warning: Member handleKHR (variable) of struct vh::vhAccelerationStructure is not documented.
  C:/Users/hlavacs/Documents/GitHub/ViennaVulkanEngine/VulkanEngine/VHHelper.h:216: warning: Member deviceAddress (variable) of struct vh::vhAccelerationStructure is not documented.
  C:/Users/hlavacs/Documents/GitHub/ViennaVulkanEngine/VulkanEngine/VHHelper.h:217: warning: Member geometry (variable) of struct vh::vhAccelerationStructure is not documented.
  C:/Users/hlavacs/Documents/GitHub/ViennaVulkanEngine/VulkanEngine/VHHelper.h:218: warning: Member rangeInfo (variable) of struct vh::vhAccelerationStructure is not documented.
  C:/Users/hlavacs/Documents/GitHub/ViennaVulkanEngine/VulkanEngine/VHHelper.h:219: warning: Member resultBufferAllocation (variable) of struct vh::vhAccelerationStructure is not documented.
  C:/Users/hlavacs/Documents/GitHub/ViennaVulkanEngine/VulkanEngine/VHHelper.h:220: warning: Member instancesBufferAllocation (variable) of struct vh::vhAccelerationStructure is not documented.
  C:/Users/hlavacs/Documents/GitHub/ViennaVulkanEngine/VulkanEngine/VHHelper.h:223: warning: Member handleNV (variable) of struct vh::vhAccelerationStructure is not documented.
  C:/Users/hlavacs/Documents/GitHub/ViennaVulkanEngine/VulkanEngine/VHHelper.h:224: warning: Member scratchBuffer (variable) of struct vh::vhAccelerationStructure is not documented.
  C:/Users/hlavacs/Documents/GitHub/ViennaVulkanEngine/VulkanEngine/VHHelper.h:225: warning: Member scratchMem (variable) of struct vh::vhAccelerationStructure is not documented.
  C:/Users/hlavacs/Documents/GitHub/ViennaVulkanEngine/VulkanEngine/VHHelper.h:226: warning: Member resultMem (variable) of struct vh::vhAccelerationStructure is not documented.
  C:/Users/hlavacs/Documents/GitHub/ViennaVulkanEngine/VulkanEngine/VHHelper.h:227: warning: Member instancesMem (variable) of struct vh::vhAccelerationStructure is not documented.
  C:/Users/hlavacs/Documents/GitHub/ViennaVulkanEngine/VulkanEngine/VHHelper.h:230: warning: Member blasGenerator (variable) of struct vh::vhAccelerationStructure is not documented.
  C:/Users/hlavacs/Documents/GitHub/ViennaVulkanEngine/VulkanEngine/VHHelper.h:231: warning: Member tlasGenerator (variable) of struct vh::vhAccelerationStructure is not documented.
  C:/Users/hlavacs/Documents/GitHub/ViennaVulkanEngine/VulkanEngine/VHHelper.h:201: warning: Member deviceAddress (variable) of struct vh::vhRayTracingScratchBuffer is not documented.
  C:/Users/hlavacs/Documents/GitHub/ViennaVulkanEngine/VulkanEngine/VHHelper.h:202: warning: Member buffer (variable) of struct vh::vhRayTracingScratchBuffer is not documented.
  C:/Users/hlavacs/Documents/GitHub/ViennaVulkanEngine/VulkanEngine/VHHelper.h:203: warning: Member mapped (variable) of struct vh::vhRayTracingScratchBuffer is not documented.
  C:/Users/hlavacs/Documents/GitHub/ViennaVulkanEngine/VulkanEngine/VHHelper.h:204: warning: Member allocation (variable) of struct vh::vhRayTracingScratchBuffer is not documented.
  Generating docs for nested compound ve::VERenderer::secondaryCmdBuf_t...
  Generating docs for compound ve::VERendererDeferred...
  Generating docs for compound ve::VERendererForward...
  Generating docs for compound ve::VERendererRayTracingKHR...
  Generating docs for nested compound ve::VERendererRayTracingKHR::secondaryCmdBuf_t...
  Generating docs for compound ve::VERendererRayTracingNV...
  Generating docs for nested compound ve::VERendererRayTracingNV::secondaryCmdBuf_t...
  Generating docs for compound ve::VESceneManager...
  Generating docs for compound ve::VESceneNode...
  Generating docs for compound ve::VESceneObject...
  Generating docs for compound ve::VESpotLight...
  Generating docs for compound ve::VESubrender...
  Generating docs for compound ve::VESubrender_Nuklear...
  Generating docs for compound ve::VESubrenderDF...
  Generating docs for compound ve::VESubrenderDF_C1...
  Generating docs for compound ve::VESubrenderDF_Composer...
  Generating docs for compound ve::VESubrenderDF_D...
  Generating docs for compound ve::VESubrenderDF_DN...
  Generating docs for compound ve::VESubrenderDF_Shadow...
  Generating docs for compound ve::VESubrenderDF_Skyplane...
  Generating docs for compound ve::VESubrenderFW...
  Generating docs for compound ve::VESubrenderFW_C1...
  Generating docs for compound ve::VESubrenderFW_Cloth...
  Generating docs for compound ve::VESubrenderFW_D...
  Generating docs for compound ve::VESubrenderFW_DN...
  Generating docs for compound ve::VESubrenderFW_Shadow...
  Generating docs for compound ve::VESubrenderFW_Skyplane...
  Generating docs for compound ve::VESubrenderRayTracingKHR...
  Generating docs for compound ve::VESubrenderRayTracingKHR_DN...
  Generating docs for nested compound ve::VESubrenderRayTracingKHR_DN::RTPushConstants...
  Generating docs for nested compound ve::VESubrenderRayTracingKHR_DN::ShaderBindingTable...
  Generating docs for compound ve::VESubrenderRayTracingNV...
  Generating docs for compound ve::VESubrenderRayTracingNV_DN...
  Generating docs for nested compound ve::VESubrenderRayTracingNV_DN::RTPushConstants...
  Generating docs for compound ve::VETexture...
  Generating docs for compound ve::VEWindow...
  Generating docs for compound ve::VEWindowGLFW...
  Generating docs for namespace vh
  Generating docs for compound vh::QueueFamilyIndices...
  Generating docs for compound vh::SwapChainSupportDetails...
  Generating docs for compound vh::vhAccelerationStructure...
  Generating docs for compound vh::vhMemoryBlock...
  Generating docs for compound vh::vhMemoryHandle...
  Generating docs for compound vh::vhRayTracingScratchBuffer...
  Generating docs for compound vh::vhVertex...
  Generating graph info page...
  Generating directory documentation...
  Generating index page...
  Generating page index...
  Generating module index...
  Generating namespace index...
  Generating namespace member index...
  Generating annotated compound index...
  Generating alphabetical compound index...
  Generating hierarchical class index...
  Generating member index...
  Generating file index...
  Generating file member index...
  Generating example index...
  finalizing index lists...
  writing tag file...
  Running plantuml with JAVA...
  lookup cache used 1816/65536 hits=9441 misses=1945
  finished...
  Building Custom Rule C:/Users/hlavacs/Documents/GitHub/ViennaVulkanEngine/VulkanEngine/CMakeLists.txt
