c:\users\hlavacs\documents\github\viennavulkanengine\lib\debug\vulkanengine.pdb
c:\users\hlavacs\documents\github\viennavulkanengine\vulkanengine\vulkanengine.dir\debug\verendererraytracingkhr.obj
c:\users\hlavacs\documents\github\viennavulkanengine\vulkanengine\vulkanengine.dir\debug\verendererforward.obj
c:\users\hlavacs\documents\github\viennavulkanengine\vulkanengine\vulkanengine.dir\debug\verendererdeferred.obj
c:\users\hlavacs\documents\github\viennavulkanengine\vulkanengine\vulkanengine.dir\debug\verenderer.obj
c:\users\hlavacs\documents\github\viennavulkanengine\vulkanengine\vulkanengine.dir\debug\venamedclass.obj
c:\users\hlavacs\documents\github\viennavulkanengine\vulkanengine\vulkanengine.dir\debug\vematerial.obj
c:\users\hlavacs\documents\github\viennavulkanengine\vulkanengine\vulkanengine.dir\debug\veeventlistenernuklearerror.obj
c:\users\hlavacs\documents\github\viennavulkanengine\vulkanengine\vulkanengine.dir\debug\veeventlistenernukleardebug.obj
c:\users\hlavacs\documents\github\viennavulkanengine\vulkanengine\vulkanengine.dir\debug\veeventlistenernuklear.obj
c:\users\hlavacs\documents\github\viennavulkanengine\vulkanengine\vulkanengine.dir\debug\veeventlistenerglfw.obj
c:\users\hlavacs\documents\github\viennavulkanengine\vulkanengine\vulkanengine.dir\debug\veeventlistener.obj
c:\users\hlavacs\documents\github\viennavulkanengine\vulkanengine\vulkanengine.dir\debug\veentity.obj
c:\users\hlavacs\documents\github\viennavulkanengine\vulkanengine\vulkanengine.dir\debug\veengine.obj
c:\users\hlavacs\documents\github\viennavulkanengine\vulkanengine\vulkanengine.dir\debug\vedocumentation.obj
c:\users\hlavacs\documents\github\viennavulkanengine\vulkanengine\vulkanengine.dir\debug\toplevelasgenerator.obj
c:\users\hlavacs\documents\github\viennavulkanengine\vulkanengine\vulkanengine.dir\debug\shaderbindingtablegenerator.obj
c:\users\hlavacs\documents\github\viennavulkanengine\vulkanengine\vulkanengine.dir\debug\raytracingpipelinegenerator.obj
c:\users\hlavacs\documents\github\viennavulkanengine\vulkanengine\vulkanengine.dir\debug\descriptorsetgenerator.obj
c:\users\hlavacs\documents\github\viennavulkanengine\vulkanengine\vulkanengine.dir\debug\clintersect.obj
c:\users\hlavacs\documents\github\viennavulkanengine\vulkanengine\vulkanengine.dir\debug\bottomlevelasgenerator.obj
c:\users\hlavacs\documents\github\viennavulkanengine\vulkanengine\vulkanengine.dir\debug\vesubrenderraytracingnv.obj
c:\users\hlavacs\documents\github\viennavulkanengine\vulkanengine\vulkanengine.dir\debug\vesubrenderraytracingkhr_dn.obj
c:\users\hlavacs\documents\github\viennavulkanengine\vulkanengine\vulkanengine.dir\debug\vesubrenderraytracingkhr.obj
c:\users\hlavacs\documents\github\viennavulkanengine\vulkanengine\vulkanengine.dir\debug\vesubrenderfw_skyplane.obj
c:\users\hlavacs\documents\github\viennavulkanengine\vulkanengine\vulkanengine.dir\debug\vesubrenderfw_shadow.obj
c:\users\hlavacs\documents\github\viennavulkanengine\vulkanengine\vulkanengine.dir\debug\vesubrenderfw_dn.obj
c:\users\hlavacs\documents\github\viennavulkanengine\vulkanengine\vulkanengine.dir\debug\vesubrenderfw_d.obj
c:\users\hlavacs\documents\github\viennavulkanengine\vulkanengine\vulkanengine.dir\debug\vesubrenderfw_cloth.obj
c:\users\hlavacs\documents\github\viennavulkanengine\vulkanengine\vulkanengine.dir\debug\vesubrenderfw_c1.obj
c:\users\hlavacs\documents\github\viennavulkanengine\vulkanengine\vulkanengine.dir\debug\vesubrenderfw.obj
c:\users\hlavacs\documents\github\viennavulkanengine\vulkanengine\vulkanengine.dir\debug\vesubrenderdf_skyplane.obj
c:\users\hlavacs\documents\github\viennavulkanengine\vulkanengine\vulkanengine.dir\debug\vesubrenderdf_shadow.obj
c:\users\hlavacs\documents\github\viennavulkanengine\vulkanengine\vulkanengine.dir\debug\vesubrenderdf_dn.obj
c:\users\hlavacs\documents\github\viennavulkanengine\vulkanengine\vulkanengine.dir\debug\vesubrenderdf_d.obj
c:\users\hlavacs\documents\github\viennavulkanengine\vulkanengine\vulkanengine.dir\debug\vesubrenderdf_composer.obj
c:\users\hlavacs\documents\github\viennavulkanengine\vulkanengine\vulkanengine.dir\debug\vesubrenderdf_c1.obj
c:\users\hlavacs\documents\github\viennavulkanengine\vulkanengine\vulkanengine.dir\debug\vesubrenderdf.obj
c:\users\hlavacs\documents\github\viennavulkanengine\vulkanengine\vulkanengine.dir\debug\vesubrender.obj
c:\users\hlavacs\documents\github\viennavulkanengine\vulkanengine\vulkanengine.dir\debug\vescenemanager.obj
c:\users\hlavacs\documents\github\viennavulkanengine\vulkanengine\vulkanengine.dir\debug\verendererraytracingnv.obj
c:\users\hlavacs\documents\github\viennavulkanengine\vulkanengine\vulkanengine.dir\debug\threadpool.obj
c:\users\hlavacs\documents\github\viennavulkanengine\vulkanengine\vulkanengine.dir\debug\vkhelpers.obj
c:\users\hlavacs\documents\github\viennavulkanengine\vulkanengine\vulkanengine.dir\debug\vhswapchain.obj
c:\users\hlavacs\documents\github\viennavulkanengine\vulkanengine\vulkanengine.dir\debug\vhrender.obj
c:\users\hlavacs\documents\github\viennavulkanengine\vulkanengine\vulkanengine.dir\debug\vhraytracing.obj
c:\users\hlavacs\documents\github\viennavulkanengine\vulkanengine\vulkanengine.dir\debug\vhmemory.obj
c:\users\hlavacs\documents\github\viennavulkanengine\vulkanengine\vulkanengine.dir\debug\vhfunctions.obj
c:\users\hlavacs\documents\github\viennavulkanengine\vulkanengine\vulkanengine.dir\debug\vhfile.obj
c:\users\hlavacs\documents\github\viennavulkanengine\vulkanengine\vulkanengine.dir\debug\vhdevice.obj
c:\users\hlavacs\documents\github\viennavulkanengine\vulkanengine\vulkanengine.dir\debug\vhdebug.obj
c:\users\hlavacs\documents\github\viennavulkanengine\vulkanengine\vulkanengine.dir\debug\vhcommand.obj
c:\users\hlavacs\documents\github\viennavulkanengine\vulkanengine\vulkanengine.dir\debug\vhbuffer.obj
c:\users\hlavacs\documents\github\viennavulkanengine\vulkanengine\vulkanengine.dir\debug\vewindowglfw.obj
c:\users\hlavacs\documents\github\viennavulkanengine\vulkanengine\vulkanengine.dir\debug\vewindow.obj
c:\users\hlavacs\documents\github\viennavulkanengine\vulkanengine\vulkanengine.dir\debug\vesubrender_nuklear.obj
c:\users\hlavacs\documents\github\viennavulkanengine\vulkanengine\vulkanengine.dir\debug\vesubrenderraytracingnv_dn.obj
c:\users\hlavacs\documents\github\viennavulkanengine\vulkanengine\cmakefiles\generate.stamp
c:\users\hlavacs\documents\github\viennavulkanengine\lib\debug\vulkanengine.lib
c:\users\hlavacs\documents\github\viennavulkanengine\vulkanengine\vulkanengine.dir\debug\vulkanengine.tlog\cl.command.1.tlog
c:\users\hlavacs\documents\github\viennavulkanengine\vulkanengine\vulkanengine.dir\debug\vulkanengine.tlog\cl.items.tlog
c:\users\hlavacs\documents\github\viennavulkanengine\vulkanengine\vulkanengine.dir\debug\vulkanengine.tlog\cl.read.1.tlog
c:\users\hlavacs\documents\github\viennavulkanengine\vulkanengine\vulkanengine.dir\debug\vulkanengine.tlog\cl.write.1.tlog
c:\users\hlavacs\documents\github\viennavulkanengine\vulkanengine\vulkanengine.dir\debug\vulkanengine.tlog\custombuild.command.1.tlog
c:\users\hlavacs\documents\github\viennavulkanengine\vulkanengine\vulkanengine.dir\debug\vulkanengine.tlog\custombuild.read.1.tlog
c:\users\hlavacs\documents\github\viennavulkanengine\vulkanengine\vulkanengine.dir\debug\vulkanengine.tlog\custombuild.write.1.tlog
c:\users\hlavacs\documents\github\viennavulkanengine\vulkanengine\vulkanengine.dir\debug\vulkanengine.tlog\lib-link.read.1.tlog
c:\users\hlavacs\documents\github\viennavulkanengine\vulkanengine\vulkanengine.dir\debug\vulkanengine.tlog\lib-link.write.1.tlog
c:\users\hlavacs\documents\github\viennavulkanengine\vulkanengine\vulkanengine.dir\debug\vulkanengine.tlog\lib.command.1.tlog
