  Generate API documentation for doxygen
  Doxygen version used: 1.8.20 (f246dd2f1c58eea39ea3f50c108019e4d4137bd5)
  Searching for include files...
  Searching for example files...
  Searching for images...
  Searching for dot files...
  Searching for msc files...
  Searching for dia files...
  Searching for files to exclude
  Searching INPUT for files to process...
  Searching for files in directory C:/Users/hlavacs/Documents/GitHub/ViennaVulkanEngine/include
  Searching for files in directory C:/Users/hlavacs/Documents/GitHub/ViennaVulkanEngine/src
  Searching for files in directory C:/Users/hlavacs/Documents/GitHub/ViennaVulkanEngine/src/CMakeFiles
  Searching for files in directory C:/Users/hlavacs/Documents/GitHub/ViennaVulkanEngine/src/vve.dir
  Searching for files in directory C:/Users/hlavacs/Documents/GitHub/ViennaVulkanEngine/src/vve.dir/Debug
  Searching for files in directory C:/Users/hlavacs/Documents/GitHub/ViennaVulkanEngine/src/vve.dir/Debug/vve.tlog
  Searching for files in directory C:/Users/hlavacs/Documents/GitHub/ViennaVulkanEngine/src/vve.dir/Release
  Searching for files in directory C:/Users/hlavacs/Documents/GitHub/ViennaVulkanEngine/src/vve.dir/Release/vve.tlog
  Reading and parsing tag files
  Parsing files
  Reading C:/Users/hlavacs/Documents/GitHub/ViennaVulkanEngine/README.md...
  Preprocessing C:/Users/hlavacs/Documents/GitHub/ViennaVulkanEngine/include/vve.h...
  Parsing file C:/Users/hlavacs/Documents/GitHub/ViennaVulkanEngine/include/vve.h...
  Preprocessing C:/Users/hlavacs/Documents/GitHub/ViennaVulkanEngine/src/vve.cpp...
  Parsing file C:/Users/hlavacs/Documents/GitHub/ViennaVulkanEngine/src/vve.cpp...
  Preprocessing C:/Users/hlavacs/Documents/GitHub/ViennaVulkanEngine/src/vve.dir/Debug/vve.vcxproj.FileListAbsolute.txt...
  Parsing file C:/Users/hlavacs/Documents/GitHub/ViennaVulkanEngine/src/vve.dir/Debug/vve.vcxproj.FileListAbsolute.txt...
  Preprocessing C:/Users/hlavacs/Documents/GitHub/ViennaVulkanEngine/src/vve.dir/Release/vve.vcxproj.FileListAbsolute.txt...
  Parsing file C:/Users/hlavacs/Documents/GitHub/ViennaVulkanEngine/src/vve.dir/Release/vve.vcxproj.FileListAbsolute.txt...
  Building macro definition list...
  Building group list...
  Building directory list...
  Building namespace list...
  Building file list...
  Building class list...
  Computing nesting relations for classes...
  Associating documentation with classes...
  Building example list...
  Searching for enumerations...
  Searching for documented typedefs...
  Searching for members imported via using declarations...
  Searching for included using directives...
  Searching for documented variables...
  Building interface member list...
  Building member list...
  Searching for friends...
  Searching for documented defines...
  Computing class inheritance relations...
  Computing class usage relations...
  Flushing cached template relations that have become invalid...
  Computing class relations...
  Add enum values to enums...
  Searching for member function documentation...
  Creating members for template instances...
  Building page list...
  Search for main page...
  Computing page relations...
  Determining the scope of groups...
  Sorting lists...
  Determining which enums are documented
  Computing member relations...
  Building full member lists recursively...
  Adding members to member groups.
  Computing member references...
  Inheriting documentation...
  Generating disk names...
  Adding source references...
  Adding xrefitems...
  Sorting member lists...
  Setting anonymous enum type...
  Computing dependencies between directories...
  Generating citations page...
  Counting members...
  Counting data structures...
  Resolving user defined references...
  Finding anchors and sections in the documentation...
  Transferring function references...
  Combining using relations...
  Adding members to index pages...
  Correcting members for VHDL...
  Generating style sheet...
  Generating search indices...
  Generating example documentation...
  Generating file sources...
  Generating code for file include/vve.h...
  Generating file documentation...
  Generating page documentation...
  Generating group documentation...
  Generating class documentation...
  Generating namespace index...
  Generating graph info page...
  Generating directory documentation...
  Generating index page...
  Generating page index...
  Generating module index...
  Generating namespace index...
  Generating namespace member index...
  Generating annotated compound index...
  Generating alphabetical compound index...
  Generating hierarchical class index...
  Generating member index...
  Generating file index...
  Generating file member index...
  Generating example index...
  finalizing index lists...
  writing tag file...
  Running plantuml with JAVA...
  lookup cache used 0/65536 hits=0 misses=0
  finished...
  Building Custom Rule C:/Users/hlavacs/Documents/GitHub/ViennaVulkanEngine/CMakeLists.txt
